

   Time         sum(rTop)     sum(rRoot)    sum(vTop)     sum(vRoot)     sum(vBot)    hTop       hRoot      hBot      A-level
    [T]           [L]           [L]           [L]           [L]            [L]        [L]         [L]       [L] 

     0.04170  0.000000E+00  0.208500E-04 -0.381594E-03  0.208494E-04 -0.280800E-06  -1328.690  -5981.852  -1328.690       1
     0.08330  0.000000E+00  0.208500E-04 -0.759461E-03  0.208492E-04 -0.560927E-06  -1328.690  -5959.214  -1328.690       2
     0.12500  0.000000E+00  0.208500E-04 -0.113559E-02  0.208491E-04 -0.841728E-06  -1328.690  -5936.903  -1328.690       3
     0.16670  0.000000E+00  0.208500E-04 -0.150910E-02  0.208488E-04 -0.112253E-05  -1328.690  -5915.035  -1328.690       4
     0.20830  0.000000E+00  0.208500E-04 -0.187916E-02  0.208481E-04 -0.140265E-05  -1328.690  -5893.648  -1328.690       5
     0.25000  0.000000E+00  0.115092E-02 -0.225228E-02  0.115092E-02 -0.168346E-05  -1328.690  -5891.378  -1328.690       6
     0.29170  0.000000E+00  0.456615E-02 -0.263291E-02  0.439843E-02 -0.196426E-05  -1328.690  -5916.176  -1328.690       7
     0.33330  0.000000E+00  0.814791E-02 -0.301608E-02  0.758215E-02 -0.224438E-05  -1328.690  -5948.729  -1328.690       8
     0.37500  0.000000E+00  0.109001E-01 -0.340191E-02  0.103344E-01 -0.252518E-05  -1328.690  -5973.817  -1328.690       9
     0.41670  0.000000E+00  0.135147E-01 -0.378994E-02  0.129489E-01 -0.280598E-05  -1328.690  -5997.176  -1328.690      10
     0.45830  0.000000E+00  0.194510E-01 -0.418102E-02  0.160019E-01 -0.308611E-05  -1328.690  -6025.878  -1328.690      11
     0.50000  0.000000E+00  0.266901E-01 -0.457575E-02  0.190111E-01 -0.336691E-05  -1328.690  -6055.889  -1328.690      12
     0.54170  0.000000E+00  0.336540E-01 -0.497353E-02  0.219713E-01 -0.364771E-05  -1328.690  -6085.100  -1328.690      13
     0.58330  0.000000E+00  0.387750E-01 -0.537301E-02  0.248769E-01 -0.392784E-05  -1328.690  -6113.503  -1328.690      14
     0.62500  0.000000E+00  0.408642E-01 -0.577272E-02  0.269661E-01 -0.420864E-05  -1328.690  -6127.014  -1328.690      15
     0.66670  0.000000E+00  0.425030E-01 -0.617185E-02  0.286049E-01 -0.448944E-05  -1328.690  -6134.381  -1328.690      16
     0.70830  0.000000E+00  0.438675E-01 -0.656923E-02  0.299694E-01 -0.476957E-05  -1328.690  -6136.171  -1328.690      17
     0.75000  0.000000E+00  0.449600E-01 -0.696609E-02  0.310619E-01 -0.505037E-05  -1328.690  -6131.963  -1328.690      18
     0.79170  0.000000E+00  0.457607E-01 -0.736103E-02  0.318626E-01 -0.533117E-05  -1328.690  -6123.799  -1328.690      19
     0.83330  0.000000E+00  0.462682E-01 -0.775256E-02  0.323701E-01 -0.561129E-05  -1328.690  -6110.700  -1328.690      20
     0.87500  0.000000E+00  0.466768E-01 -0.814280E-02  0.327788E-01 -0.589209E-05  -1328.690  -6094.841  -1328.690      21
     0.91670  0.000000E+00  0.469521E-01 -0.853036E-02  0.330540E-01 -0.617289E-05  -1328.690  -6077.447  -1328.690      22
     0.95830  0.000000E+00  0.471268E-01 -0.891433E-02  0.332287E-01 -0.645302E-05  -1328.690  -6058.600  -1328.690      23
     1.00000  0.000000E+00  0.474020E-01 -0.929718E-02  0.335039E-01 -0.673382E-05  -1328.690  -6041.382  -1328.690      24
end
