 ******* Program HYDRUS
 ******* 
 Example 2 - Grass Field Problem (Hupselse Beek 1982)                    
 Date:  25. 8.2022    Time:  10:22:43
 Units: L = cm   , T = days , M = -    

----------------------------------------------------------
 Time       [T]        0.0000
----------------------------------------------------------
 Sub-region num.                     1
----------------------------------------------------------
 Length   [L]        0.20000E+03  0.20000E+03
 W-volume [L]        0.22187E+02  0.22187E+02
 In-flow  [L/T]      0.00000E+00  0.00000E+00
 h Mean   [L]       -0.39605E+04 -0.39605E+04
 Top Flux [L/T]     -0.44134E-01
 Bot Flux [L/T]     -0.67338E-05
----------------------------------------------------------

----------------------------------------------------------
 Time       [T]        0.0417
----------------------------------------------------------
 Sub-region num.                     1
----------------------------------------------------------
 Length   [L]        0.20000E+03  0.20000E+03
 W-volume [L]        0.22186E+02  0.22186E+02
 In-flow  [L/T]     -0.24122E-02 -0.24122E-02
 h Mean   [L]       -0.39272E+04 -0.39272E+04
 Top Flux [L/T]     -0.33454E-01
 Bot Flux [L/T]     -0.67338E-05
 WatBalT  [L]        0.11776E-03
 WatBalR  [%]              1.683
----------------------------------------------------------

----------------------------------------------------------
 Time       [T]        0.0833
----------------------------------------------------------
 Sub-region num.                     1
----------------------------------------------------------
 Length   [L]        0.20000E+03  0.20000E+03
 W-volume [L]        0.22186E+02  0.22186E+02
 In-flow  [L/T]     -0.22354E-02 -0.22354E-02
 h Mean   [L]       -0.38962E+04 -0.38962E+04
 Top Flux [L/T]     -0.25948E-01
 Bot Flux [L/T]     -0.67338E-05
 WatBalT  [L]        0.26008E-03
 WatBalR  [%]              1.924
----------------------------------------------------------

----------------------------------------------------------
 Time       [T]        0.1250
----------------------------------------------------------
 Sub-region num.                     1
----------------------------------------------------------
 Length   [L]        0.20000E+03  0.20000E+03
 W-volume [L]        0.22186E+02  0.22186E+02
 In-flow  [L/T]      0.22988E-04  0.22988E-04
 h Mean   [L]       -0.38676E+04 -0.38676E+04
 Top Flux [L/T]     -0.22651E-01
 Bot Flux [L/T]     -0.67338E-05
 WatBalT  [L]        0.41969E-03
 WatBalR  [%]              2.130
----------------------------------------------------------

----------------------------------------------------------
 Time       [T]        0.1667
----------------------------------------------------------
 Sub-region num.                     1
----------------------------------------------------------
 Length   [L]        0.20000E+03  0.20000E+03
 W-volume [L]        0.22186E+02  0.22186E+02
 In-flow  [L/T]     -0.12773E-04 -0.12773E-04
 h Mean   [L]       -0.38409E+04 -0.38409E+04
 Top Flux [L/T]     -0.19821E-01
 Bot Flux [L/T]     -0.67338E-05
 WatBalT  [L]        0.57806E-03
 WatBalR  [%]              2.258
----------------------------------------------------------

----------------------------------------------------------
 Time       [T]        0.2083
----------------------------------------------------------
 Sub-region num.                     1
----------------------------------------------------------
 Length   [L]        0.20000E+03  0.20000E+03
 W-volume [L]        0.22186E+02  0.22186E+02
 In-flow  [L/T]     -0.26825E-02 -0.26825E-02
 h Mean   [L]       -0.38160E+04 -0.38160E+04
 Top Flux [L/T]     -0.17336E-01
 Bot Flux [L/T]     -0.67338E-05
 WatBalT  [L]        0.73587E-03
 WatBalR  [%]              2.356
----------------------------------------------------------

----------------------------------------------------------
 Time       [T]        0.2500
----------------------------------------------------------
 Sub-region num.                     1
----------------------------------------------------------
 Length   [L]        0.20000E+03  0.20000E+03
 W-volume [L]        0.22181E+02  0.22181E+02
 In-flow  [L/T]     -0.13921E+00 -0.13921E+00
 h Mean   [L]       -0.38388E+04 -0.38388E+04
 Top Flux [L/T]     -0.15489E-01
 Bot Flux [L/T]     -0.67338E-05
 WatBalT  [L]       -0.19738E-02
 WatBalR  [%]              5.961
----------------------------------------------------------

----------------------------------------------------------
 Time       [T]        0.2917
----------------------------------------------------------
 Sub-region num.                     1
----------------------------------------------------------
 Length   [L]        0.20000E+03  0.20000E+03
 W-volume [L]        0.22172E+02  0.22172E+02
 In-flow  [L/T]     -0.22226E+00 -0.22226E+00
 h Mean   [L]       -0.38853E+04 -0.38853E+04
 Top Flux [L/T]     -0.13728E-01
 Bot Flux [L/T]     -0.67338E-05
 WatBalT  [L]       -0.56530E-02
 WatBalR  [%]             16.217
----------------------------------------------------------

----------------------------------------------------------
 Time       [T]        0.3333
----------------------------------------------------------
 Sub-region num.                     1
----------------------------------------------------------
 Length   [L]        0.20000E+03  0.20000E+03
 W-volume [L]        0.22163E+02  0.22163E+02
 In-flow  [L/T]     -0.20387E+00 -0.20387E+00
 h Mean   [L]       -0.39378E+04 -0.39378E+04
 Top Flux [L/T]     -0.13261E-01
 Bot Flux [L/T]     -0.67338E-05
 WatBalT  [L]       -0.99609E-02
 WatBalR  [%]             27.117
----------------------------------------------------------

----------------------------------------------------------
 Time       [T]        0.3750
----------------------------------------------------------
 Sub-region num.                     1
----------------------------------------------------------
 Length   [L]        0.20000E+03  0.20000E+03
 W-volume [L]        0.22155E+02  0.22155E+02
 In-flow  [L/T]     -0.19159E+00 -0.19159E+00
 h Mean   [L]       -0.39860E+04 -0.39860E+04
 Top Flux [L/T]     -0.12620E-01
 Bot Flux [L/T]     -0.67338E-05
 WatBalT  [L]       -0.13937E-01
 WatBalR  [%]             35.610
----------------------------------------------------------

----------------------------------------------------------
 Time       [T]        0.4167
----------------------------------------------------------
 Sub-region num.                     1
----------------------------------------------------------
 Length   [L]        0.20000E+03  0.20000E+03
 W-volume [L]        0.22147E+02  0.22147E+02
 In-flow  [L/T]     -0.17858E+00 -0.17858E+00
 h Mean   [L]       -0.40301E+04 -0.40301E+04
 Top Flux [L/T]     -0.11726E-01
 Bot Flux [L/T]     -0.67338E-05
 WatBalT  [L]       -0.17620E-01
 WatBalR  [%]             40.999
----------------------------------------------------------

----------------------------------------------------------
 Time       [T]        0.4583
----------------------------------------------------------
 Sub-region num.                     1
----------------------------------------------------------
 Length   [L]        0.20000E+03  0.20000E+03
 W-volume [L]        0.22140E+02  0.22140E+02
 In-flow  [L/T]     -0.16453E+00 -0.16453E+00
 h Mean   [L]       -0.40708E+04 -0.40708E+04
 Top Flux [L/T]     -0.10709E-01
 Bot Flux [L/T]     -0.67338E-05
 WatBalT  [L]       -0.21043E-01
 WatBalR  [%]             44.366
----------------------------------------------------------

----------------------------------------------------------
 Time       [T]        0.5000
----------------------------------------------------------
 Sub-region num.                     1
----------------------------------------------------------
 Length   [L]        0.20000E+03  0.20000E+03
 W-volume [L]        0.22133E+02  0.22133E+02
 In-flow  [L/T]     -0.15609E+00 -0.15609E+00
 h Mean   [L]       -0.41087E+04 -0.41087E+04
 Top Flux [L/T]     -0.96446E-02
 Bot Flux [L/T]     -0.67338E-05
 WatBalT  [L]       -0.24218E-01
 WatBalR  [%]             45.480
----------------------------------------------------------

----------------------------------------------------------
 Time       [T]        0.5417
----------------------------------------------------------
 Sub-region num.                     1
----------------------------------------------------------
 Length   [L]        0.20000E+03  0.20000E+03
 W-volume [L]        0.22127E+02  0.22127E+02
 In-flow  [L/T]     -0.14608E+00 -0.14608E+00
 h Mean   [L]       -0.41435E+04 -0.41435E+04
 Top Flux [L/T]     -0.86672E-02
 Bot Flux [L/T]     -0.67338E-05
 WatBalT  [L]       -0.27186E-01
 WatBalR  [%]             45.671
----------------------------------------------------------

----------------------------------------------------------
 Time       [T]        0.5833
----------------------------------------------------------
 Sub-region num.                     1
----------------------------------------------------------
 Length   [L]        0.20000E+03  0.20000E+03
 W-volume [L]        0.22121E+02  0.22121E+02
 In-flow  [L/T]     -0.13278E+00 -0.13278E+00
 h Mean   [L]       -0.41756E+04 -0.41756E+04
 Top Flux [L/T]     -0.81552E-02
 Bot Flux [L/T]     -0.67338E-05
 WatBalT  [L]       -0.29955E-01
 WatBalR  [%]             45.793
----------------------------------------------------------

----------------------------------------------------------
 Time       [T]        0.6250
----------------------------------------------------------
 Sub-region num.                     1
----------------------------------------------------------
 Length   [L]        0.20000E+03  0.20000E+03
 W-volume [L]        0.22116E+02  0.22116E+02
 In-flow  [L/T]     -0.12975E+00 -0.12975E+00
 h Mean   [L]       -0.42048E+04 -0.42048E+04
 Top Flux [L/T]     -0.75629E-02
 Bot Flux [L/T]     -0.67338E-05
 WatBalT  [L]       -0.32538E-01
 WatBalR  [%]             45.868
----------------------------------------------------------

----------------------------------------------------------
 Time       [T]        0.6667
----------------------------------------------------------
 Sub-region num.                     1
----------------------------------------------------------
 Length   [L]        0.20000E+03  0.20000E+03
 W-volume [L]        0.22110E+02  0.22110E+02
 In-flow  [L/T]     -0.12276E+00 -0.12276E+00
 h Mean   [L]       -0.42315E+04 -0.42315E+04
 Top Flux [L/T]     -0.69172E-02
 Bot Flux [L/T]     -0.67338E-05
 WatBalT  [L]       -0.34979E-01
 WatBalR  [%]             45.914
----------------------------------------------------------

----------------------------------------------------------
 Time       [T]        0.7083
----------------------------------------------------------
 Sub-region num.                     1
----------------------------------------------------------
 Length   [L]        0.20000E+03  0.20000E+03
 W-volume [L]        0.22105E+02  0.22105E+02
 In-flow  [L/T]     -0.11669E+00 -0.11669E+00
 h Mean   [L]       -0.42562E+04 -0.42562E+04
 Top Flux [L/T]     -0.62393E-02
 Bot Flux [L/T]     -0.67338E-05
 WatBalT  [L]       -0.37284E-01
 WatBalR  [%]             45.936
----------------------------------------------------------

----------------------------------------------------------
 Time       [T]        0.7500
----------------------------------------------------------
 Sub-region num.                     1
----------------------------------------------------------
 Length   [L]        0.20000E+03  0.20000E+03
 W-volume [L]        0.22101E+02  0.22101E+02
 In-flow  [L/T]     -0.11147E+00 -0.11147E+00
 h Mean   [L]       -0.42788E+04 -0.42788E+04
 Top Flux [L/T]     -0.55442E-02
 Bot Flux [L/T]     -0.67338E-05
 WatBalT  [L]       -0.39467E-01
 WatBalR  [%]             45.947
----------------------------------------------------------

----------------------------------------------------------
 Time       [T]        0.7917
----------------------------------------------------------
 Sub-region num.                     1
----------------------------------------------------------
 Length   [L]        0.20000E+03  0.20000E+03
 W-volume [L]        0.22096E+02  0.22096E+02
 In-flow  [L/T]     -0.98406E-01 -0.98406E-01
 h Mean   [L]       -0.42964E+04 -0.42964E+04
 Top Flux [L/T]     -0.48318E-02
 Bot Flux [L/T]     -0.67338E-05
 WatBalT  [L]       -0.41433E-01
 WatBalR  [%]             45.976
----------------------------------------------------------

----------------------------------------------------------
 Time       [T]        0.8333
----------------------------------------------------------
 Sub-region num.                     1
----------------------------------------------------------
 Length   [L]        0.20000E+03  0.20000E+03
 W-volume [L]        0.22093E+02  0.22093E+02
 In-flow  [L/T]     -0.60803E-01 -0.60803E-01
 h Mean   [L]       -0.43011E+04 -0.43011E+04
 Top Flux [L/T]     -0.43991E-02
 Bot Flux [L/T]     -0.67338E-05
 WatBalT  [L]       -0.42895E-01
 WatBalR  [%]             46.083
----------------------------------------------------------

----------------------------------------------------------
 Time       [T]        0.8750
----------------------------------------------------------
 Sub-region num.                     1
----------------------------------------------------------
 Length   [L]        0.20000E+03  0.20000E+03
 W-volume [L]        0.22091E+02  0.22091E+02
 In-flow  [L/T]     -0.50416E-01 -0.50416E-01
 h Mean   [L]       -0.42968E+04 -0.42968E+04
 Top Flux [L/T]     -0.40026E-02
 Bot Flux [L/T]     -0.67338E-05
 WatBalT  [L]       -0.43753E-01
 WatBalR  [%]             45.968
----------------------------------------------------------

----------------------------------------------------------
 Time       [T]        0.9167
----------------------------------------------------------
 Sub-region num.                     1
----------------------------------------------------------
 Length   [L]        0.20000E+03  0.20000E+03
 W-volume [L]        0.22090E+02  0.22090E+02
 In-flow  [L/T]     -0.33607E-01 -0.33607E-01
 h Mean   [L]       -0.42886E+04 -0.42886E+04
 Top Flux [L/T]     -0.36160E-02
 Bot Flux [L/T]     -0.67338E-05
 WatBalT  [L]       -0.44437E-01
 WatBalR  [%]             45.930
----------------------------------------------------------

----------------------------------------------------------
 Time       [T]        0.9583
----------------------------------------------------------
 Sub-region num.                     1
----------------------------------------------------------
 Length   [L]        0.20000E+03  0.20000E+03
 W-volume [L]        0.22089E+02  0.22089E+02
 In-flow  [L/T]     -0.21460E-01 -0.21460E-01
 h Mean   [L]       -0.42749E+04 -0.42749E+04
 Top Flux [L/T]     -0.32434E-02
 Bot Flux [L/T]     -0.67338E-05
 WatBalT  [L]       -0.44828E-01
 WatBalR  [%]             45.850
----------------------------------------------------------

----------------------------------------------------------
 Time       [T]        1.0000
----------------------------------------------------------
 Sub-region num.                     1
----------------------------------------------------------
 Length   [L]        0.20000E+03  0.20000E+03
 W-volume [L]        0.22087E+02  0.22087E+02
 In-flow  [L/T]     -0.33602E-01 -0.33602E-01
 h Mean   [L]       -0.42662E+04 -0.42662E+04
 Top Flux [L/T]     -0.29074E-02
 Bot Flux [L/T]     -0.67338E-05
 WatBalT  [L]       -0.45349E-01
 WatBalR  [%]             45.728
----------------------------------------------------------
 
 Calculation time [sec]  8.000001311302185E-002
