 ******* Program HYDRUS
 ******* 
 Example 2 - Grass Field Problem (Hupselse Beek 1982)                    
 Date:  25. 8.2022    Time:  16:35:25
 Units: L = cm   , T = days , M = -    
 
 CosAlf,MaxIt,TolTh,  TolH
 1.000   20   0.001 0.05000
 
 TopInF,BotInF,AtmBC,SinkF,WLayer,qGWLF,FreeD,SeepF,lWat,lChem,lTemp,lRoot,lWDep
     T     F     T     T     F     F     T     F     T     F     F     F     F

Nodal point information

node      x         hOld    MatN LayN  Beta      Ah       AK      ATh     Temp    Conc(1...NS)         Sorb(1...NS)

   1      0.000   -167.793    1    1   0.013    1.000    1.000    1.000
   2     -2.000   -183.957    1    1   0.054    1.000    1.000    1.000
   3     -4.000   -200.212    1    1   0.044    1.000    1.000    1.000
   4     -6.000   -215.644    1    1   0.034    1.000    1.000    1.000
   5     -8.000   -230.979    1    1   0.041    1.000    1.000    1.000
   6    -10.000   -249.646    1    1   0.024    1.000    1.000    1.000
   7    -12.000   -276.927    1    1   0.023    1.000    1.000    1.000
   8    -14.000   -322.271    1    1   0.024    1.000    1.000    1.000
   9    -16.000   -408.746    1    1   0.025    1.000    1.000    1.000
  10    -18.000   -601.797    1    1   0.023    1.000    1.000    1.000
  11    -20.000  -1163.409    1    1   0.016    1.000    1.000    1.000
  12    -22.000  -2784.289    1    1   0.017    1.000    1.000    1.000
  13    -24.000  -2939.195    1    1   0.014    1.000    1.000    1.000
  14    -26.000  -2919.570    1    1   0.015    1.000    1.000    1.000
  15    -28.000  -2797.490    1    1   0.017    1.000    1.000    1.000
  16    -30.000  -2439.957    1    1   0.014    1.000    1.000    1.000
  17    -32.000  -2211.747    1    1   0.010    1.000    1.000    1.000
  18    -34.000  -2126.219    1    1   0.014    1.000    1.000    1.000
  19    -36.000  -1878.753    1    1   0.008    1.000    1.000    1.000
  20    -38.000  -1809.911    1    1   0.010    1.000    1.000    1.000
  21    -40.000  -1723.590    1    1   0.008    1.000    1.000    1.000
  22    -42.000  -1669.688    1    1   0.007    1.000    1.000    1.000
  23    -44.000  -1595.401    1    1   0.006    1.000    1.000    1.000
  24    -46.000  -1587.402    1    1   0.007    1.000    1.000    1.000
  25    -48.000  -1530.877    1    1   0.006    1.000    1.000    1.000
  26    -50.000  -1482.849    1    1   0.005    1.000    1.000    1.000
  27    -52.000  -1457.839    1    1   0.005    1.000    1.000    1.000
  28    -54.000  -1444.501    1    1   0.005    1.000    1.000    1.000
  29    -56.000  -1406.343    1    1   0.003    1.000    1.000    1.000
  30    -58.000  -1383.671    1    1   0.002    1.000    1.000    1.000
  31    -60.000  -1373.315    1    1   0.002    1.000    1.000    1.000
  32    -62.000  -1365.258    1    1   0.002    1.000    1.000    1.000
  33    -64.000  -1360.917    1    1   0.002    1.000    1.000    1.000
  34    -66.000  -1349.634    1    1   0.001    1.000    1.000    1.000
  35    -68.000  -1347.471    1    1   0.002    1.000    1.000    1.000
  36    -70.000  -1339.698    1    1   0.001    1.000    1.000    1.000
  37    -72.000  -1333.952    1    1   0.000    1.000    1.000    1.000
  38    -74.000  -1332.655    1    1   0.000    1.000    1.000    1.000
  39    -76.000  -1330.748    1    1   0.000    1.000    1.000    1.000
  40    -78.000  -1329.572    1    1   0.000    1.000    1.000    1.000
  41    -80.000  -1329.285    1    1   0.000    1.000    1.000    1.000
  42    -82.000  -1328.962    1    1   0.000    1.000    1.000    1.000
  43    -84.000  -1328.809    1    1   0.000    1.000    1.000    1.000
  44    -86.000  -1328.738    1    1   0.000    1.000    1.000    1.000
  45    -88.000  -1328.750    1    1   0.000    1.000    1.000    1.000
  46    -90.000  -1328.703    1    1   0.000    1.000    1.000    1.000
  47    -92.000  -1328.703    1    1   0.000    1.000    1.000    1.000
  48    -94.000  -1328.690    1    1   0.000    1.000    1.000    1.000
  49    -96.000  -1328.690    1    1   0.000    1.000    1.000    1.000
  50    -98.000  -1328.690    1    1   0.000    1.000    1.000    1.000
  51   -100.000  -1328.690    1    1   0.000    1.000    1.000    1.000
  52   -102.000  -1328.690    1    1   0.000    1.000    1.000    1.000
  53   -104.000  -1328.690    1    1   0.000    1.000    1.000    1.000
  54   -106.000  -1328.690    1    1   0.000    1.000    1.000    1.000
  55   -108.000  -1328.690    1    1   0.000    1.000    1.000    1.000
  56   -110.000  -1328.690    1    1   0.000    1.000    1.000    1.000
  57   -112.000  -1328.690    1    1   0.000    1.000    1.000    1.000
  58   -114.000  -1328.690    1    1   0.000    1.000    1.000    1.000
  59   -116.000  -1328.690    1    1   0.000    1.000    1.000    1.000
  60   -118.000  -1328.690    1    1   0.000    1.000    1.000    1.000
  61   -120.000  -1328.690    1    1   0.000    1.000    1.000    1.000
  62   -122.000  -1328.690    1    1   0.000    1.000    1.000    1.000
  63   -124.000  -1328.690    1    1   0.000    1.000    1.000    1.000
  64   -126.000  -1328.690    1    1   0.000    1.000    1.000    1.000
  65   -128.000  -1328.690    1    1   0.000    1.000    1.000    1.000
  66   -130.000  -1328.690    1    1   0.000    1.000    1.000    1.000
  67   -132.000  -1328.690    1    1   0.000    1.000    1.000    1.000
  68   -134.000  -1328.690    1    1   0.000    1.000    1.000    1.000
  69   -136.000  -1328.690    1    1   0.000    1.000    1.000    1.000
  70   -138.000  -1328.690    1    1   0.000    1.000    1.000    1.000
  71   -140.000  -1328.690    1    1   0.000    1.000    1.000    1.000
  72   -142.000  -1328.690    1    1   0.000    1.000    1.000    1.000
  73   -144.000  -1328.690    1    1   0.000    1.000    1.000    1.000
  74   -146.000  -1328.690    1    1   0.000    1.000    1.000    1.000
  75   -148.000  -1328.690    1    1   0.000    1.000    1.000    1.000
  76   -150.000  -1328.690    1    1   0.000    1.000    1.000    1.000
  77   -152.000  -1328.690    1    1   0.000    1.000    1.000    1.000
  78   -154.000  -1328.690    1    1   0.000    1.000    1.000    1.000
  79   -156.000  -1328.690    1    1   0.000    1.000    1.000    1.000
  80   -158.000  -1328.690    1    1   0.000    1.000    1.000    1.000
  81   -160.000  -1328.690    1    1   0.000    1.000    1.000    1.000
  82   -162.000  -1328.690    1    1   0.000    1.000    1.000    1.000
  83   -164.000  -1328.690    1    1   0.000    1.000    1.000    1.000
  84   -166.000  -1328.690    1    1   0.000    1.000    1.000    1.000
  85   -168.000  -1328.690    1    1   0.000    1.000    1.000    1.000
  86   -170.000  -1328.690    1    1   0.000    1.000    1.000    1.000
  87   -172.000  -1328.690    1    1   0.000    1.000    1.000    1.000
  88   -174.000  -1328.690    1    1   0.000    1.000    1.000    1.000
  89   -176.000  -1328.690    1    1   0.000    1.000    1.000    1.000
  90   -178.000  -1328.690    1    1   0.000    1.000    1.000    1.000
  91   -180.000  -1328.690    1    1   0.000    1.000    1.000    1.000
  92   -182.000  -1328.690    1    1   0.000    1.000    1.000    1.000
  93   -184.000  -1328.690    1    1   0.000    1.000    1.000    1.000
  94   -186.000  -1328.690    1    1   0.000    1.000    1.000    1.000
  95   -188.000  -1328.690    1    1   0.000    1.000    1.000    1.000
  96   -190.000  -1328.690    1    1   0.000    1.000    1.000    1.000
  97   -192.000  -1328.690    1    1   0.000    1.000    1.000    1.000
  98   -194.000  -1328.690    1    1   0.000    1.000    1.000    1.000
  99   -196.000  -1328.690    1    1   0.000    1.000    1.000    1.000
 100   -198.000  -1328.690    1    1   0.000    1.000    1.000    1.000
 101   -200.000  -1328.690    1    1   0.000    1.000    1.000    1.000
end

 Number of species in the chain :   0


MatNum, Param. array:

   Mat     Qr     Qs        Alfa         n          Ks      l       Qm     Qa     Qk       Kk

    1    0.078  0.430   0.360E-01   0.156E+01   0.250E+02  0.500  0.430  0.078  0.430   0.250E+02

       Table of Hydraulic Properties which are interpolated in simulation
       =================================================================

  theta         h        log h        C             K        log K          S          Kv
 
  0.4300  -0.100E-05 -0.6000E+01  0.4815E-06  0.2496E+02  0.1397E+01    1.0000  0.0000E+00
  0.4300  -0.126E-05 -0.5899E+01  0.5484E-06  0.2496E+02  0.1397E+01    1.0000  0.0000E+00
  0.4300  -0.159E-05 -0.5798E+01  0.6247E-06  0.2496E+02  0.1397E+01    1.0000  0.0000E+00
  0.4300  -0.201E-05 -0.5697E+01  0.7116E-06  0.2496E+02  0.1397E+01    1.0000  0.0000E+00
  0.4300  -0.254E-05 -0.5596E+01  0.8106E-06  0.2495E+02  0.1397E+01    1.0000  0.0000E+00
  0.4300  -0.320E-05 -0.5495E+01  0.9234E-06  0.2495E+02  0.1397E+01    1.0000  0.0000E+00
  0.4300  -0.404E-05 -0.5394E+01  0.1052E-05  0.2495E+02  0.1397E+01    1.0000  0.0000E+00
  0.4300  -0.509E-05 -0.5293E+01  0.1198E-05  0.2495E+02  0.1397E+01    1.0000  0.0000E+00
  0.4300  -0.643E-05 -0.5192E+01  0.1365E-05  0.2495E+02  0.1397E+01    1.0000  0.0000E+00
  0.4300  -0.811E-05 -0.5091E+01  0.1555E-05  0.2495E+02  0.1397E+01    1.0000  0.0000E+00
  0.4300  -0.102E-04 -0.4990E+01  0.1771E-05  0.2495E+02  0.1397E+01    1.0000  0.0000E+00
  0.4300  -0.129E-04 -0.4889E+01  0.2017E-05  0.2495E+02  0.1397E+01    1.0000  0.0000E+00
  0.4300  -0.163E-04 -0.4788E+01  0.2298E-05  0.2494E+02  0.1397E+01    1.0000  0.0000E+00
  0.4300  -0.206E-04 -0.4687E+01  0.2618E-05  0.2494E+02  0.1397E+01    1.0000  0.0000E+00
  0.4300  -0.260E-04 -0.4586E+01  0.2982E-05  0.2494E+02  0.1397E+01    1.0000  0.0000E+00
  0.4300  -0.327E-04 -0.4485E+01  0.3397E-05  0.2494E+02  0.1397E+01    1.0000  0.0000E+00
  0.4300  -0.413E-04 -0.4384E+01  0.3869E-05  0.2493E+02  0.1397E+01    1.0000  0.0000E+00
  0.4300  -0.521E-04 -0.4283E+01  0.4407E-05  0.2493E+02  0.1397E+01    1.0000  0.0000E+00
  0.4300  -0.658E-04 -0.4182E+01  0.5020E-05  0.2492E+02  0.1397E+01    1.0000  0.0000E+00
  0.4300  -0.830E-04 -0.4081E+01  0.5719E-05  0.2492E+02  0.1397E+01    1.0000  0.0000E+00
  0.4300  -0.105E-03 -0.3980E+01  0.6514E-05  0.2491E+02  0.1396E+01    1.0000  0.0000E+00
  0.4300  -0.132E-03 -0.3879E+01  0.7421E-05  0.2491E+02  0.1396E+01    1.0000  0.0000E+00
  0.4300  -0.167E-03 -0.3778E+01  0.8453E-05  0.2490E+02  0.1396E+01    1.0000  0.0000E+00
  0.4300  -0.210E-03 -0.3677E+01  0.9629E-05  0.2489E+02  0.1396E+01    1.0000  0.0000E+00
  0.4300  -0.266E-03 -0.3576E+01  0.1097E-04  0.2488E+02  0.1396E+01    1.0000  0.0000E+00
  0.4300  -0.335E-03 -0.3475E+01  0.1249E-04  0.2487E+02  0.1396E+01    1.0000  0.0000E+00
  0.4300  -0.423E-03 -0.3374E+01  0.1423E-04  0.2486E+02  0.1396E+01    1.0000  0.0000E+00
  0.4300  -0.534E-03 -0.3273E+01  0.1621E-04  0.2485E+02  0.1395E+01    1.0000  0.0000E+00
  0.4300  -0.673E-03 -0.3172E+01  0.1847E-04  0.2483E+02  0.1395E+01    1.0000  0.0000E+00
  0.4300  -0.850E-03 -0.3071E+01  0.2104E-04  0.2481E+02  0.1395E+01    1.0000  0.0000E+00
  0.4300  -0.107E-02 -0.2970E+01  0.2396E-04  0.2479E+02  0.1394E+01    1.0000  0.1176E-30
  0.4300  -0.135E-02 -0.2869E+01  0.2730E-04  0.2477E+02  0.1394E+01    1.0000  0.1176E-30
  0.4300  -0.171E-02 -0.2768E+01  0.3109E-04  0.2474E+02  0.1393E+01    1.0000  0.1176E-30
  0.4300  -0.215E-02 -0.2667E+01  0.3542E-04  0.2471E+02  0.1393E+01    1.0000  0.1185E-29
  0.4300  -0.272E-02 -0.2566E+01  0.4035E-04  0.2468E+02  0.1392E+01    1.0000  0.1185E-29
  0.4300  -0.343E-02 -0.2465E+01  0.4596E-04  0.2464E+02  0.1392E+01    1.0000  0.4579E-29
  0.4300  -0.433E-02 -0.2364E+01  0.5235E-04  0.2459E+02  0.1391E+01    1.0000  0.2513E-28
  0.4300  -0.546E-02 -0.2263E+01  0.5963E-04  0.2454E+02  0.1390E+01    1.0000  0.7715E-28
  0.4300  -0.689E-02 -0.2162E+01  0.6793E-04  0.2448E+02  0.1389E+01    1.0000  0.2533E-27
  0.4300  -0.870E-02 -0.2061E+01  0.7738E-04  0.2442E+02  0.1388E+01    1.0000  0.7776E-27
  0.4300  -0.110E-01 -0.1960E+01  0.8814E-04  0.2434E+02  0.1386E+01    1.0000  0.3004E-26
  0.4300  -0.138E-01 -0.1859E+01  0.1004E-03  0.2426E+02  0.1385E+01    1.0000  0.9864E-26
  0.4300  -0.175E-01 -0.1758E+01  0.1144E-03  0.2416E+02  0.1383E+01    1.0000  0.3275E-25
  0.4300  -0.221E-01 -0.1657E+01  0.1303E-03  0.2405E+02  0.1381E+01    1.0000  0.1109E-24
  0.4300  -0.278E-01 -0.1556E+01  0.1484E-03  0.2393E+02  0.1379E+01    1.0000  0.3701E-24
  0.4300  -0.351E-01 -0.1455E+01  0.1690E-03  0.2379E+02  0.1376E+01    1.0000  0.1243E-23
  0.4300  -0.443E-01 -0.1354E+01  0.1926E-03  0.2362E+02  0.1373E+01    1.0000  0.4166E-23
  0.4300  -0.559E-01 -0.1253E+01  0.2193E-03  0.2344E+02  0.1370E+01    1.0000  0.1388E-22
  0.4300  -0.705E-01 -0.1152E+01  0.2498E-03  0.2323E+02  0.1366E+01    1.0000  0.4632E-22
  0.4300  -0.890E-01 -0.1051E+01  0.2846E-03  0.2300E+02  0.1362E+01    1.0000  0.1555E-21
  0.4300  -0.112E+00 -0.9495E+00  0.3241E-03  0.2273E+02  0.1357E+01    0.9999  0.5202E-21
  0.4300  -0.142E+00 -0.8485E+00  0.3692E-03  0.2243E+02  0.1351E+01    0.9999  0.1746E-20
  0.4300  -0.179E+00 -0.7475E+00  0.4205E-03  0.2209E+02  0.1344E+01    0.9999  0.5847E-20
  0.4299  -0.226E+00 -0.6465E+00  0.4789E-03  0.2170E+02  0.1336E+01    0.9998  0.1960E-19
  0.4299  -0.285E+00 -0.5455E+00  0.5453E-03  0.2127E+02  0.1328E+01    0.9997  0.6562E-19
  0.4299  -0.359E+00 -0.4444E+00  0.6209E-03  0.2077E+02  0.1318E+01    0.9996  0.2198E-18
  0.4298  -0.453E+00 -0.3434E+00  0.7068E-03  0.2022E+02  0.1306E+01    0.9994  0.7360E-18
  0.4297  -0.572E+00 -0.2424E+00  0.8043E-03  0.1960E+02  0.1292E+01    0.9992  0.2463E-17
  0.4296  -0.722E+00 -0.1414E+00  0.9149E-03  0.1891E+02  0.1277E+01    0.9988  0.8235E-17
  0.4294  -0.911E+00 -0.4040E-01  0.1040E-02  0.1813E+02  0.1258E+01    0.9983  0.2751E-16
  0.4291  -0.115E+01  0.6061E-01  0.1181E-02  0.1727E+02  0.1237E+01    0.9975  0.9175E-16
  0.4287  -0.145E+01  0.1616E+00  0.1340E-02  0.1632E+02  0.1213E+01    0.9964  0.3054E-15
  0.4282  -0.183E+01  0.2626E+00  0.1518E-02  0.1527E+02  0.1184E+01    0.9949  0.1014E-14
  0.4274  -0.231E+01  0.3636E+00  0.1714E-02  0.1412E+02  0.1150E+01    0.9927  0.3350E-14
  0.4263  -0.292E+01  0.4646E+00  0.1930E-02  0.1287E+02  0.1110E+01    0.9896  0.1101E-13
  0.4248  -0.368E+01  0.5657E+00  0.2161E-02  0.1154E+02  0.1062E+01    0.9851  0.3585E-13
  0.4226  -0.464E+01  0.6667E+00  0.2403E-02  0.1013E+02  0.1006E+01    0.9789  0.1154E-12
  0.4195  -0.586E+01  0.7677E+00  0.2646E-02  0.8682E+01  0.9386E+00    0.9701  0.3653E-12
  0.4152  -0.739E+01  0.8687E+00  0.2875E-02  0.7218E+01  0.8584E+00    0.9581  0.1131E-11
  0.4095  -0.933E+01  0.9697E+00  0.3068E-02  0.5791E+01  0.7627E+00    0.9417  0.3393E-11
  0.4018  -0.118E+02  0.1071E+01  0.3198E-02  0.4454E+01  0.6487E+00    0.9199  0.9779E-11
  0.3919  -0.148E+02  0.1172E+01  0.3237E-02  0.3264E+01  0.5137E+00    0.8916  0.2676E-10
  0.3794  -0.187E+02  0.1273E+01  0.3162E-02  0.2266E+01  0.3552E+00    0.8562  0.6874E-10
  0.3643  -0.236E+02  0.1374E+01  0.2967E-02  0.1484E+01  0.1715E+00    0.8134  0.1638E-09
  0.3469  -0.298E+02  0.1475E+01  0.2664E-02  0.9164E+00 -0.3792E-01    0.7638  0.3592E-09
  0.3276  -0.376E+02  0.1576E+01  0.2288E-02  0.5342E+00 -0.2723E+00    0.7090  0.7208E-09
  0.3071  -0.475E+02  0.1677E+01  0.1884E-02  0.2955E+00 -0.5295E+00    0.6507  0.1324E-08
  0.2862  -0.599E+02  0.1778E+01  0.1494E-02  0.1561E+00 -0.8066E+00    0.5914  0.2234E-08
  0.2656  -0.756E+02  0.1879E+01  0.1148E-02  0.7940E-01 -0.1100E+01    0.5330  0.3487E-08
  0.2459  -0.955E+02  0.1980E+01  0.8598E-03  0.3919E-01 -0.1407E+01    0.4771  0.5083E-08
  0.2275  -0.120E+03  0.2081E+01  0.6311E-03  0.1890E-01 -0.1724E+01    0.4248  0.6983E-08
  0.2106  -0.152E+03  0.2182E+01  0.4564E-03  0.8955E-02 -0.2048E+01    0.3767  0.9124E-08
  0.1953  -0.192E+03  0.2283E+01  0.3264E-03  0.4190E-02 -0.2378E+01    0.3331  0.1143E-07
  0.1815  -0.242E+03  0.2384E+01  0.2315E-03  0.1943E-02 -0.2712E+01    0.2940  0.1382E-07
  0.1692  -0.305E+03  0.2485E+01  0.1633E-03  0.8949E-03 -0.3048E+01    0.2590  0.1624E-07
  0.1582  -0.385E+03  0.2586E+01  0.1147E-03  0.4103E-03 -0.3387E+01    0.2279  0.1862E-07
  0.1486  -0.486E+03  0.2687E+01  0.8034E-04  0.1875E-03 -0.3727E+01    0.2005  0.2092E-07
  0.1400  -0.614E+03  0.2788E+01  0.5616E-04  0.8547E-04 -0.4068E+01    0.1762  0.2311E-07
  0.1325  -0.774E+03  0.2889E+01  0.3920E-04  0.3891E-04 -0.4410E+01    0.1548  0.2517E-07
  0.1259  -0.977E+03  0.2990E+01  0.2733E-04  0.1769E-04 -0.4752E+01    0.1360  0.2708E-07
  0.1200  -0.123E+04  0.3091E+01  0.1905E-04  0.8036E-05 -0.5095E+01    0.1194  0.2885E-07
  0.1149  -0.156E+04  0.3192E+01  0.1326E-04  0.3649E-05 -0.5438E+01    0.1049  0.3046E-07
  0.1104  -0.196E+04  0.3293E+01  0.9236E-05  0.1656E-05 -0.5781E+01    0.0921  0.3193E-07
  0.1065  -0.248E+04  0.3394E+01  0.6429E-05  0.7515E-06 -0.6124E+01    0.0809  0.3325E-07
  0.1030  -0.313E+04  0.3495E+01  0.4474E-05  0.3410E-06 -0.6467E+01    0.0710  0.3444E-07
  0.0999  -0.394E+04  0.3596E+01  0.3113E-05  0.1547E-06 -0.6811E+01    0.0623  0.3550E-07
  0.0973  -0.498E+04  0.3697E+01  0.2166E-05  0.7015E-07 -0.7154E+01    0.0547  0.3644E-07
  0.0949  -0.628E+04  0.3798E+01  0.1507E-05  0.3182E-07 -0.7497E+01    0.0480  0.3727E-07
  0.0928  -0.792E+04  0.3899E+01  0.1049E-05  0.1443E-07 -0.7841E+01    0.0422  0.3800E-07
  0.0910  -0.100E+05  0.4000E+01  0.7297E-06  0.6545E-08 -0.8184E+01    0.0370  0.3862E-07
end
