 ******* Program HYDRUS
 ******* 
 Example 2 - Grass Field Problem (Hupselse Beek 1982)                    
 Date:  25. 8.2022    Time:  16:35:25
 Units: L = cm   , T = days , M = -    

       Time          rTop        rRoot        vTop         vRoot        vBot       sum(rTop)   sum(rRoot)    sum(vTop)   sum(vRoot)    sum(vBot)      hTop         hRoot        hBot        RunOff    sum(RunOff)     Volume     sum(Infil)    sum(Evap) TLevel Cum(WTrans)  SnowLayer
        [T]         [L/T]        [L/T]        [L/T]        [L/T]        [L/T]         [L]          [L]          [L]         [L]           [L]         [L]           [L]         [L]          [L/T]         [L]          [L]          [L]          [L]

       0.0010  0.00000E+00  0.50000E-03  0.82105E-05  0.38358E-03 -0.67338E-05  0.00000E+00  0.50000E-06  0.82105E-08  0.38358E-06 -0.67338E-08 -0.16795E+03 -0.13598E+04 -0.13287E+04  0.00000E+00  0.00000E+00  0.24561E+02  0.00000E+00  0.82105E-08      1  0.00000E+00      0.000
       0.0023  0.00000E+00  0.50000E-03  0.49360E-05  0.38358E-03 -0.67338E-05  0.00000E+00  0.11500E-05  0.14627E-07  0.88224E-06 -0.15488E-07 -0.16812E+03 -0.13606E+04 -0.13287E+04  0.00000E+00  0.00000E+00  0.24561E+02  0.00000E+00  0.14627E-07      2  0.00000E+00      0.000
       0.0040  0.00000E+00  0.50000E-03  0.19595E-05  0.38352E-03 -0.67338E-05  0.00000E+00  0.19950E-05  0.17939E-07  0.15304E-05 -0.26868E-07 -0.16836E+03 -0.13603E+04 -0.13287E+04  0.00000E+00  0.00000E+00  0.24561E+02  0.00000E+00  0.17939E-07      3  0.00000E+00      0.000
       0.0062  0.00000E+00  0.50000E-03 -0.11697E-05  0.38347E-03 -0.67338E-05  0.00000E+00  0.30935E-05  0.15369E-07  0.23729E-05 -0.41662E-07 -0.16865E+03 -0.13604E+04 -0.13287E+04  0.00000E+00  0.00000E+00  0.24561E+02  0.00000E+00  0.17939E-07      4  0.00000E+00      0.000
       0.0090  0.00000E+00  0.50000E-03  0.32708E-05  0.38339E-03 -0.67338E-05  0.00000E+00  0.45216E-05  0.24711E-07  0.34679E-05 -0.60895E-07 -0.16903E+03 -0.13602E+04 -0.13287E+04  0.00000E+00  0.00000E+00  0.24561E+02  0.00000E+00  0.27281E-07      5  0.00000E+00      0.000
       0.0127  0.00000E+00  0.50000E-03  0.59977E-06  0.38329E-03 -0.67338E-05  0.00000E+00  0.63340E-05  0.26885E-07  0.48573E-05 -0.85304E-07 -0.16949E+03 -0.13602E+04 -0.13287E+04  0.00000E+00  0.00000E+00  0.24561E+02  0.00000E+00  0.29455E-07      6  0.00000E+00      0.000
       0.0175  0.00000E+00  0.50000E-03  0.55134E-06  0.38317E-03 -0.67338E-05  0.00000E+00  0.87505E-05  0.29550E-07  0.67091E-05 -0.11785E-06 -0.17008E+03 -0.13600E+04 -0.13287E+04  0.00000E+00  0.00000E+00  0.24561E+02  0.00000E+00  0.32119E-07      7  0.00000E+00      0.000
       0.0235  0.00000E+00  0.50000E-03 -0.70781E-06  0.38302E-03 -0.67338E-05  0.00000E+00  0.11771E-04  0.25273E-07  0.90231E-05 -0.15853E-06 -0.17078E+03 -0.13598E+04 -0.13287E+04  0.00000E+00  0.00000E+00  0.24561E+02  0.00000E+00  0.32119E-07      8  0.00000E+00      0.000
       0.0326  0.00000E+00  0.50000E-03  0.93505E-06  0.38281E-03 -0.67338E-05  0.00000E+00  0.16302E-04  0.33747E-07  0.12492E-04 -0.21955E-06 -0.17175E+03 -0.13596E+04 -0.13287E+04  0.00000E+00  0.00000E+00  0.24561E+02  0.00000E+00  0.40593E-07      9  0.00000E+00      0.000
       0.0417  0.00000E+00  0.50000E-03  0.13784E-06  0.38261E-03 -0.67338E-05  0.00000E+00  0.20833E-04  0.34996E-07  0.15959E-04 -0.28058E-06 -0.17266E+03 -0.13593E+04 -0.13287E+04  0.00000E+00  0.00000E+00  0.24561E+02  0.00000E+00  0.41842E-07     10  0.00000E+00      0.000
       0.0417  0.00000E+00  0.50000E-03 -0.68851E-04  0.38261E-03 -0.67338E-05  0.00000E+00  0.20850E-04  0.32701E-07  0.15972E-04 -0.28080E-06 -0.17267E+03 -0.13593E+04 -0.13287E+04  0.00000E+00  0.00000E+00  0.24561E+02  0.00000E+00  0.41842E-07     11  0.00000E+00      0.000
       0.0517  0.00000E+00  0.00000E+00  0.66124E-05  0.12908E-03 -0.67338E-05  0.00000E+00  0.20850E-04  0.98825E-07  0.17263E-04 -0.34814E-06 -0.17341E+03 -0.13590E+04 -0.13287E+04  0.00000E+00  0.00000E+00  0.24561E+02  0.00000E+00  0.10797E-06     12  0.00000E+00      0.000
       0.0617  0.00000E+00  0.00000E+00 -0.18626E-06  0.12884E-03 -0.67338E-05  0.00000E+00  0.20850E-04  0.96962E-07  0.18551E-04 -0.41548E-06 -0.17450E+03 -0.13588E+04 -0.13287E+04  0.00000E+00  0.00000E+00  0.24561E+02  0.00000E+00  0.10797E-06     13  0.00000E+00      0.000
       0.0717  0.00000E+00  0.00000E+00 -0.16205E-06  0.12866E-03 -0.67338E-05  0.00000E+00  0.20850E-04  0.95342E-07  0.19838E-04 -0.48282E-06 -0.17524E+03 -0.13585E+04 -0.13287E+04  0.00000E+00  0.00000E+00  0.24561E+02  0.00000E+00  0.10797E-06     14  0.00000E+00      0.000
       0.0775  0.00000E+00  0.00000E+00  0.14082E-05  0.12854E-03 -0.67338E-05  0.00000E+00  0.20850E-04  0.10351E-06  0.20583E-04 -0.52187E-06 -0.17572E+03 -0.13583E+04 -0.13287E+04  0.00000E+00  0.00000E+00  0.24561E+02  0.00000E+00  0.11613E-06     15  0.00000E+00      0.000
       0.0833  0.00000E+00  0.00000E+00  0.14957E-05  0.12844E-03 -0.67338E-05  0.00000E+00  0.20850E-04  0.11218E-06  0.21328E-04 -0.56093E-06 -0.17614E+03 -0.13581E+04 -0.13287E+04  0.00000E+00  0.00000E+00  0.24561E+02  0.00000E+00  0.12481E-06     16  0.00000E+00      0.000
       0.0833  0.00000E+00  0.00000E+00  0.66832E-04  0.12844E-03 -0.67338E-05  0.00000E+00  0.20850E-04  0.11441E-06  0.21333E-04 -0.56115E-06 -0.17615E+03 -0.13581E+04 -0.13287E+04  0.00000E+00  0.00000E+00  0.24561E+02  0.00000E+00  0.12704E-06     17  0.00000E+00      0.000
       0.0933  0.00000E+00  0.00000E+00  0.80094E-07  0.12829E-03 -0.67338E-05  0.00000E+00  0.20850E-04  0.11521E-06  0.22616E-04 -0.62849E-06 -0.17665E+03 -0.13578E+04 -0.13287E+04  0.00000E+00  0.00000E+00  0.24561E+02  0.00000E+00  0.12784E-06     18  0.00000E+00      0.000
       0.1033  0.00000E+00  0.00000E+00  0.10971E-05  0.12809E-03 -0.67338E-05  0.00000E+00  0.20850E-04  0.12618E-06  0.23896E-04 -0.69583E-06 -0.17756E+03 -0.13575E+04 -0.13287E+04  0.00000E+00  0.00000E+00  0.24561E+02  0.00000E+00  0.13881E-06     19  0.00000E+00      0.000
       0.1133  0.00000E+00  0.00000E+00 -0.16950E-06  0.12793E-03 -0.67338E-05  0.00000E+00  0.20850E-04  0.12449E-06  0.25176E-04 -0.76317E-06 -0.17810E+03 -0.13572E+04 -0.13287E+04  0.00000E+00  0.00000E+00  0.24561E+02  0.00000E+00  0.13881E-06     20  0.00000E+00      0.000
       0.1192  0.00000E+00  0.00000E+00  0.70781E-06  0.12784E-03 -0.67338E-05  0.00000E+00  0.20850E-04  0.12862E-06  0.25922E-04 -0.80245E-06 -0.17849E+03 -0.13571E+04 -0.13287E+04  0.00000E+00  0.00000E+00  0.24561E+02  0.00000E+00  0.14294E-06     21  0.00000E+00      0.000
       0.1250  0.00000E+00  0.00000E+00 -0.54762E-06  0.12774E-03 -0.67338E-05  0.00000E+00  0.20850E-04  0.12542E-06  0.26667E-04 -0.84173E-06 -0.17882E+03 -0.13569E+04 -0.13287E+04  0.00000E+00  0.00000E+00  0.24561E+02  0.00000E+00  0.14294E-06     22  0.00000E+00      0.000
       0.1350  0.00000E+00  0.00000E+00  0.68359E-06  0.12759E-03 -0.67338E-05  0.00000E+00  0.20850E-04  0.13226E-06  0.27943E-04 -0.90907E-06 -0.17937E+03 -0.13566E+04 -0.13287E+04  0.00000E+00  0.00000E+00  0.24561E+02  0.00000E+00  0.14977E-06     23  0.00000E+00      0.000
       0.1450  0.00000E+00  0.00000E+00  0.76741E-06  0.12745E-03 -0.67338E-05  0.00000E+00  0.20850E-04  0.13993E-06  0.29217E-04 -0.97640E-06 -0.17990E+03 -0.13563E+04 -0.13287E+04  0.00000E+00  0.00000E+00  0.24561E+02  0.00000E+00  0.15745E-06     24  0.00000E+00      0.000
       0.1550  0.00000E+00  0.00000E+00  0.36322E-06  0.12730E-03 -0.67338E-05  0.00000E+00  0.20850E-04  0.14357E-06  0.30490E-04 -0.10437E-05 -0.18040E+03 -0.13560E+04 -0.13287E+04  0.00000E+00  0.00000E+00  0.24561E+02  0.00000E+00  0.16108E-06     25  0.00000E+00      0.000
       0.1608  0.00000E+00  0.00000E+00  0.89779E-06  0.12722E-03 -0.67338E-05  0.00000E+00  0.20850E-04  0.14880E-06  0.31232E-04 -0.10830E-05 -0.18068E+03 -0.13558E+04 -0.13287E+04  0.00000E+00  0.00000E+00  0.24561E+02  0.00000E+00  0.16632E-06     26  0.00000E+00      0.000
       0.1667  0.00000E+00  0.00000E+00  0.90152E-06  0.12714E-03 -0.67338E-05  0.00000E+00  0.20850E-04  0.15406E-06  0.31974E-04 -0.11223E-05 -0.18096E+03 -0.13557E+04 -0.13287E+04  0.00000E+00  0.00000E+00  0.24561E+02  0.00000E+00  0.17157E-06     27  0.00000E+00      0.000
       0.1667  0.00000E+00  0.00000E+00  0.31054E-04  0.12714E-03 -0.67338E-05  0.00000E+00  0.20850E-04  0.15510E-06  0.31978E-04 -0.11225E-05 -0.18096E+03 -0.13557E+04 -0.13287E+04  0.00000E+00  0.00000E+00  0.24561E+02  0.00000E+00  0.17261E-06     28  0.00000E+00      0.000
       0.1767  0.00000E+00  0.00000E+00  0.69663E-06  0.12701E-03 -0.67338E-05  0.00000E+00  0.20850E-04  0.16206E-06  0.33248E-04 -0.11899E-05 -0.18139E+03 -0.13554E+04 -0.13287E+04  0.00000E+00  0.00000E+00  0.24561E+02  0.00000E+00  0.17958E-06     29  0.00000E+00      0.000
       0.1867  0.00000E+00  0.00000E+00  0.98906E-06  0.12687E-03 -0.67338E-05  0.00000E+00  0.20850E-04  0.17195E-06  0.34517E-04 -0.12572E-05 -0.18186E+03 -0.13551E+04 -0.13287E+04  0.00000E+00  0.00000E+00  0.24561E+02  0.00000E+00  0.18947E-06     30  0.00000E+00      0.000
       0.1967  0.00000E+00  0.00000E+00  0.66869E-06  0.12674E-03 -0.67338E-05  0.00000E+00  0.20850E-04  0.17864E-06  0.35784E-04 -0.13245E-05 -0.18227E+03 -0.13548E+04 -0.13287E+04  0.00000E+00  0.00000E+00  0.24561E+02  0.00000E+00  0.19615E-06     31  0.00000E+00      0.000
       0.2025  0.00000E+00  0.00000E+00 -0.73016E-06  0.12666E-03 -0.67338E-05  0.00000E+00  0.20850E-04  0.17441E-06  0.36519E-04 -0.13636E-05 -0.18252E+03 -0.13546E+04 -0.13287E+04  0.00000E+00  0.00000E+00  0.24561E+02  0.00000E+00  0.19615E-06     32  0.00000E+00      0.000
       0.2083  0.00000E+00  0.00000E+00  0.84192E-06  0.12659E-03 -0.67338E-05  0.00000E+00  0.20850E-04  0.17929E-06  0.37253E-04 -0.14027E-05 -0.18275E+03 -0.13544E+04 -0.13287E+04  0.00000E+00  0.00000E+00  0.24561E+02  0.00000E+00  0.20104E-06     33  0.00000E+00      0.000
       0.2083  0.00000E+00  0.30300E-01 -0.29966E-03  0.15480E-01 -0.67338E-05  0.00000E+00  0.21860E-04  0.16930E-06  0.37769E-04 -0.14029E-05 -0.18275E+03 -0.13544E+04 -0.13287E+04  0.00000E+00  0.00000E+00  0.24561E+02  0.00000E+00  0.20104E-06     34  0.00000E+00      0.000
       0.2183  0.00000E+00  0.30300E-01  0.52620E-06  0.15479E-01 -0.67338E-05  0.00000E+00  0.32486E-03  0.17456E-06  0.19256E-03 -0.14702E-05 -0.18310E+03 -0.13543E+04 -0.13287E+04  0.00000E+00  0.00000E+00  0.24560E+02  0.00000E+00  0.20630E-06     35  0.00000E+00      0.000
       0.2283  0.00000E+00  0.30300E-01 -0.44703E-07  0.15479E-01 -0.67338E-05  0.00000E+00  0.62786E-03  0.17412E-06  0.34736E-03 -0.15376E-05 -0.18356E+03 -0.13542E+04 -0.13287E+04  0.00000E+00  0.00000E+00  0.24560E+02  0.00000E+00  0.20630E-06     36  0.00000E+00      0.000
       0.2383  0.00000E+00  0.30300E-01 -0.74599E-06  0.15479E-01 -0.67338E-05  0.00000E+00  0.93086E-03  0.16666E-06  0.50215E-03 -0.16049E-05 -0.18392E+03 -0.13540E+04 -0.13287E+04  0.00000E+00  0.00000E+00  0.24560E+02  0.00000E+00  0.20630E-06     37  0.00000E+00      0.000
       0.2442  0.00000E+00  0.30300E-01  0.38557E-06  0.15479E-01 -0.67338E-05  0.00000E+00  0.11076E-02  0.16890E-06  0.59244E-03 -0.16442E-05 -0.18415E+03 -0.13539E+04 -0.13287E+04  0.00000E+00  0.00000E+00  0.24560E+02  0.00000E+00  0.20855E-06     38  0.00000E+00      0.000
       0.2500  0.00000E+00  0.30300E-01  0.11558E-05  0.15479E-01 -0.67338E-05  0.00000E+00  0.12844E-02  0.17565E-06  0.68274E-03 -0.16835E-05 -0.18436E+03 -0.13539E+04 -0.13287E+04  0.00000E+00  0.00000E+00  0.24559E+02  0.00000E+00  0.21529E-06     39  0.00000E+00      0.000
       0.2600  0.00000E+00  0.91500E-01 -0.81928E-03  0.46489E-01 -0.67338E-05  0.00000E+00  0.21994E-02 -0.80172E-05  0.11476E-02 -0.17508E-05 -0.18472E+03 -0.13537E+04 -0.13287E+04  0.00000E+00  0.00000E+00  0.24559E+02  0.00000E+00  0.21529E-06     40  0.00000E+00      0.000
       0.2700  0.00000E+00  0.91500E-01  0.55879E-07  0.46489E-01 -0.67338E-05  0.00000E+00  0.31144E-02 -0.80166E-05  0.16125E-02 -0.18181E-05 -0.18510E+03 -0.13540E+04 -0.13287E+04  0.00000E+00  0.00000E+00  0.24558E+02  0.00000E+00  0.21585E-06     41  0.00000E+00      0.000
       0.2800  0.00000E+00  0.91500E-01  0.58860E-06  0.46489E-01 -0.67338E-05  0.00000E+00  0.40294E-02 -0.80107E-05  0.20774E-02 -0.18855E-05 -0.18546E+03 -0.13541E+04 -0.13287E+04  0.00000E+00  0.00000E+00  0.24557E+02  0.00000E+00  0.22173E-06     42  0.00000E+00      0.000
       0.2858  0.00000E+00  0.91500E-01  0.14119E-05  0.46489E-01 -0.67338E-05  0.00000E+00  0.45631E-02 -0.80025E-05  0.23486E-02 -0.19248E-05 -0.18568E+03 -0.13542E+04 -0.13287E+04  0.00000E+00  0.00000E+00  0.24557E+02  0.00000E+00  0.22997E-06     43  0.00000E+00      0.000
       0.2917  0.00000E+00  0.91500E-01  0.32224E-06  0.46489E-01 -0.67338E-05  0.00000E+00  0.50969E-02 -0.80006E-05  0.26198E-02 -0.19640E-05 -0.18589E+03 -0.13543E+04 -0.13287E+04  0.00000E+00  0.00000E+00  0.24556E+02  0.00000E+00  0.23185E-06     44  0.00000E+00      0.000
       0.2917  0.00000E+00  0.91500E-01  0.23435E-03  0.46489E-01 -0.67338E-05  0.00000E+00  0.50999E-02 -0.79928E-05  0.26213E-02 -0.19643E-05 -0.18589E+03 -0.13543E+04 -0.13287E+04  0.00000E+00  0.00000E+00  0.24556E+02  0.00000E+00  0.23966E-06     45  0.00000E+00      0.000
       0.3017  0.00000E+00  0.96200E-01 -0.63194E-04  0.48870E-01 -0.67338E-05  0.00000E+00  0.60619E-02 -0.86247E-05  0.31100E-02 -0.20316E-05 -0.18624E+03 -0.13545E+04 -0.13287E+04  0.00000E+00  0.00000E+00  0.24555E+02  0.00000E+00  0.23966E-06     46  0.00000E+00      0.000
       0.3117  0.00000E+00  0.96200E-01 -0.10245E-06  0.48870E-01 -0.67338E-05  0.00000E+00  0.70239E-02 -0.86257E-05  0.35987E-02 -0.20989E-05 -0.18661E+03 -0.13548E+04 -0.13287E+04  0.00000E+00  0.00000E+00  0.24554E+02  0.00000E+00  0.23966E-06     47  0.00000E+00      0.000
       0.3217  0.00000E+00  0.96200E-01 -0.15739E-06  0.48870E-01 -0.67338E-05  0.00000E+00  0.79859E-02 -0.86273E-05  0.40874E-02 -0.21663E-05 -0.18696E+03 -0.13550E+04 -0.13287E+04  0.00000E+00  0.00000E+00  0.24553E+02  0.00000E+00  0.23966E-06     48  0.00000E+00      0.000
       0.3275  0.00000E+00  0.96200E-01  0.91456E-06  0.48870E-01 -0.67338E-05  0.00000E+00  0.85439E-02 -0.86220E-05  0.43709E-02 -0.22053E-05 -0.18717E+03 -0.13551E+04 -0.13287E+04  0.00000E+00  0.00000E+00  0.24553E+02  0.00000E+00  0.24497E-06     49  0.00000E+00      0.000
       0.3333  0.00000E+00  0.96200E-01 -0.47870E-06  0.48870E-01 -0.67338E-05  0.00000E+00  0.91018E-02 -0.86248E-05  0.46543E-02 -0.22444E-05 -0.18737E+03 -0.13552E+04 -0.13287E+04  0.00000E+00  0.00000E+00  0.24552E+02  0.00000E+00  0.24497E-06     50  0.00000E+00      0.000
       0.3333  0.00000E+00  0.73700E-01  0.24860E-03  0.37470E-01 -0.67338E-05  0.00000E+00  0.91043E-02 -0.86165E-05  0.46556E-02 -0.22446E-05 -0.18737E+03 -0.13552E+04 -0.13287E+04  0.00000E+00  0.00000E+00  0.24552E+02  0.00000E+00  0.25325E-06     51  0.00000E+00      0.000
       0.3433  0.00000E+00  0.73700E-01  0.56066E-06  0.37470E-01 -0.67338E-05  0.00000E+00  0.98413E-02 -0.86109E-05  0.50303E-02 -0.23119E-05 -0.18769E+03 -0.13553E+04 -0.13287E+04  0.00000E+00  0.00000E+00  0.24552E+02  0.00000E+00  0.25886E-06     52  0.00000E+00      0.000
       0.3533  0.00000E+00  0.73700E-01  0.53458E-06  0.37469E-01 -0.67338E-05  0.00000E+00  0.10578E-01 -0.86056E-05  0.54050E-02 -0.23793E-05 -0.18805E+03 -0.13554E+04 -0.13287E+04  0.00000E+00  0.00000E+00  0.24551E+02  0.00000E+00  0.26420E-06     53  0.00000E+00      0.000
       0.3633  0.00000E+00  0.73700E-01 -0.34831E-06  0.37469E-01 -0.67338E-05  0.00000E+00  0.11315E-01 -0.86090E-05  0.57797E-02 -0.24466E-05 -0.18837E+03 -0.13555E+04 -0.13287E+04  0.00000E+00  0.00000E+00  0.24550E+02  0.00000E+00  0.26420E-06     54  0.00000E+00      0.000
       0.3692  0.00000E+00  0.73700E-01 -0.90431E-06  0.37469E-01 -0.67338E-05  0.00000E+00  0.11745E-01 -0.86143E-05  0.59982E-02 -0.24859E-05 -0.18856E+03 -0.13556E+04 -0.13287E+04  0.00000E+00  0.00000E+00  0.24550E+02  0.00000E+00  0.26420E-06     55  0.00000E+00      0.000
       0.3750  0.00000E+00  0.73700E-01  0.12536E-05  0.37469E-01 -0.67338E-05  0.00000E+00  0.12175E-01 -0.86070E-05  0.62168E-02 -0.25252E-05 -0.18875E+03 -0.13556E+04 -0.13287E+04  0.00000E+00  0.00000E+00  0.24549E+02  0.00000E+00  0.27152E-06     56  0.00000E+00      0.000
       0.3850  0.00000E+00  0.70100E-01  0.48857E-04  0.35645E-01 -0.67338E-05  0.00000E+00  0.12876E-01 -0.81184E-05  0.65733E-02 -0.25925E-05 -0.18907E+03 -0.13557E+04 -0.13287E+04  0.00000E+00  0.00000E+00  0.24548E+02  0.00000E+00  0.76009E-06     57  0.00000E+00      0.000
       0.3950  0.00000E+00  0.70100E-01  0.38091E-06  0.35645E-01 -0.67338E-05  0.00000E+00  0.13577E-01 -0.81146E-05  0.69297E-02 -0.26599E-05 -0.18940E+03 -0.13558E+04 -0.13287E+04  0.00000E+00  0.00000E+00  0.24548E+02  0.00000E+00  0.76390E-06     58  0.00000E+00      0.000
       0.4050  0.00000E+00  0.70100E-01  0.22911E-06  0.35645E-01 -0.67338E-05  0.00000E+00  0.14278E-01 -0.81123E-05  0.72862E-02 -0.27272E-05 -0.18973E+03 -0.13559E+04 -0.13287E+04  0.00000E+00  0.00000E+00  0.24547E+02  0.00000E+00  0.76619E-06     59  0.00000E+00      0.000
       0.4108  0.00000E+00  0.70100E-01 -0.37160E-06  0.35645E-01 -0.67338E-05  0.00000E+00  0.14687E-01 -0.81145E-05  0.74941E-02 -0.27665E-05 -0.18992E+03 -0.13559E+04 -0.13287E+04  0.00000E+00  0.00000E+00  0.24547E+02  0.00000E+00  0.76619E-06     60  0.00000E+00      0.000
       0.4167  0.00000E+00  0.70100E-01 -0.38929E-06  0.35645E-01 -0.67338E-05  0.00000E+00  0.15096E-01 -0.81168E-05  0.77020E-02 -0.28058E-05 -0.19011E+03 -0.13559E+04 -0.13287E+04  0.00000E+00  0.00000E+00  0.24546E+02  0.00000E+00  0.76619E-06     61  0.00000E+00      0.000
       0.4167  0.00000E+00  0.70100E-01 -0.86354E-04  0.35645E-01 -0.67338E-05  0.00000E+00  0.15098E-01 -0.81196E-05  0.77032E-02 -0.28060E-05 -0.19011E+03 -0.13559E+04 -0.13287E+04  0.00000E+00  0.00000E+00  0.24546E+02  0.00000E+00  0.76619E-06     62  0.00000E+00      0.000
       0.4267  0.00000E+00  0.15940E+00 -0.11960E-02  0.80893E-01 -0.67338E-05  0.00000E+00  0.16692E-01 -0.20080E-04  0.85121E-02 -0.28733E-05 -0.19044E+03 -0.13560E+04 -0.13287E+04  0.00000E+00  0.00000E+00  0.24546E+02  0.00000E+00  0.76619E-06     63  0.00000E+00      0.000
       0.4367  0.00000E+00  0.15940E+00  0.66496E-06  0.80893E-01 -0.67338E-05  0.00000E+00  0.18286E-01 -0.20073E-04  0.93211E-02 -0.29407E-05 -0.19080E+03 -0.13566E+04 -0.13287E+04  0.00000E+00  0.00000E+00  0.24544E+02  0.00000E+00  0.77284E-06     64  0.00000E+00      0.000
       0.4467  0.00000E+00  0.15940E+00  0.93132E-07  0.80893E-01 -0.67338E-05  0.00000E+00  0.19880E-01 -0.20072E-04  0.10130E-01 -0.30080E-05 -0.19117E+03 -0.13571E+04 -0.13287E+04  0.00000E+00  0.00000E+00  0.24542E+02  0.00000E+00  0.77377E-06     65  0.00000E+00      0.000
       0.4525  0.00000E+00  0.15940E+00  0.87544E-06  0.80893E-01 -0.67338E-05  0.00000E+00  0.20805E-01 -0.20067E-04  0.10599E-01 -0.30471E-05 -0.19139E+03 -0.13575E+04 -0.13287E+04  0.00000E+00  0.00000E+00  0.24541E+02  0.00000E+00  0.77885E-06     66  0.00000E+00      0.000
       0.4583  0.00000E+00  0.15940E+00  0.66403E-06  0.80893E-01 -0.67338E-05  0.00000E+00  0.21729E-01 -0.20063E-04  0.11068E-01 -0.30861E-05 -0.19160E+03 -0.13578E+04 -0.13287E+04  0.00000E+00  0.00000E+00  0.24540E+02  0.00000E+00  0.78270E-06     67  0.00000E+00      0.000
       0.4583  0.00000E+00  0.19390E+00 -0.58711E-03  0.98374E-01 -0.67338E-05  0.00000E+00  0.21736E-01 -0.20083E-04  0.11072E-01 -0.30863E-05 -0.19160E+03 -0.13578E+04 -0.13287E+04  0.00000E+00  0.00000E+00  0.24540E+02  0.00000E+00  0.78270E-06     68  0.00000E+00      0.000
       0.4583  0.00000E+00  0.19390E+00 -0.14894E-01  0.98374E-01 -0.67338E-05  0.00000E+00  0.21736E-01 -0.20083E-04  0.11072E-01 -0.30863E-05 -0.19160E+03 -0.13578E+04 -0.13287E+04  0.00000E+00  0.00000E+00  0.24540E+02  0.00000E+00  0.78270E-06     69  0.00000E+00      0.000
       0.4683  0.00000E+00  0.19390E+00 -0.33528E-07  0.98374E-01 -0.67338E-05  0.00000E+00  0.23675E-01 -0.20084E-04  0.12055E-01 -0.31537E-05 -0.19207E+03 -0.13582E+04 -0.13287E+04  0.00000E+00  0.00000E+00  0.24539E+02  0.00000E+00  0.78270E-06     70  0.00000E+00      0.000
       0.4783  0.00000E+00  0.19390E+00  0.40792E-06  0.98375E-01 -0.67338E-05  0.00000E+00  0.25614E-01 -0.20080E-04  0.13039E-01 -0.32210E-05 -0.19262E+03 -0.13593E+04 -0.13287E+04  0.00000E+00  0.00000E+00  0.24537E+02  0.00000E+00  0.78678E-06     71  0.00000E+00      0.000
       0.4883  0.00000E+00  0.19390E+00  0.68266E-06  0.98375E-01 -0.67338E-05  0.00000E+00  0.27553E-01 -0.20073E-04  0.14023E-01 -0.32884E-05 -0.19316E+03 -0.13600E+04 -0.13287E+04  0.00000E+00  0.00000E+00  0.24535E+02  0.00000E+00  0.79360E-06     72  0.00000E+00      0.000
       0.4942  0.00000E+00  0.19390E+00 -0.99838E-06  0.98375E-01 -0.67338E-05  0.00000E+00  0.28684E-01 -0.20079E-04  0.14597E-01 -0.33276E-05 -0.19347E+03 -0.13605E+04 -0.13287E+04  0.00000E+00  0.00000E+00  0.24534E+02  0.00000E+00  0.79360E-06     73  0.00000E+00      0.000
       0.5000  0.00000E+00  0.19390E+00 -0.89034E-06  0.98375E-01 -0.67338E-05  0.00000E+00  0.29815E-01 -0.20084E-04  0.15171E-01 -0.33669E-05 -0.19379E+03 -0.13609E+04 -0.13287E+04  0.00000E+00  0.00000E+00  0.24532E+02  0.00000E+00  0.79360E-06     74  0.00000E+00      0.000
       0.5100  0.00000E+00  0.18660E+00  0.98143E-04  0.94676E-01 -0.67338E-05  0.00000E+00  0.31681E-01 -0.19102E-04  0.16117E-01 -0.34343E-05 -0.19432E+03 -0.13616E+04 -0.13287E+04  0.00000E+00  0.00000E+00  0.24530E+02  0.00000E+00  0.17750E-05     75  0.00000E+00      0.000
       0.5200  0.00000E+00  0.18660E+00  0.10058E-06  0.94676E-01 -0.67338E-05  0.00000E+00  0.33547E-01 -0.19101E-04  0.17064E-01 -0.35016E-05 -0.19485E+03 -0.13623E+04 -0.13287E+04  0.00000E+00  0.00000E+00  0.24529E+02  0.00000E+00  0.17760E-05     76  0.00000E+00      0.000
       0.5300  0.00000E+00  0.18660E+00  0.26263E-06  0.94676E-01 -0.67338E-05  0.00000E+00  0.35413E-01 -0.19099E-04  0.18011E-01 -0.35689E-05 -0.19538E+03 -0.13630E+04 -0.13287E+04  0.00000E+00  0.00000E+00  0.24527E+02  0.00000E+00  0.17787E-05     77  0.00000E+00      0.000
       0.5358  0.00000E+00  0.18660E+00 -0.63982E-06  0.94676E-01 -0.67338E-05  0.00000E+00  0.36501E-01 -0.19102E-04  0.18563E-01 -0.36082E-05 -0.19568E+03 -0.13634E+04 -0.13287E+04  0.00000E+00  0.00000E+00  0.24526E+02  0.00000E+00  0.17787E-05     78  0.00000E+00      0.000
       0.5417  0.00000E+00  0.18660E+00 -0.11334E-05  0.94676E-01 -0.67338E-05  0.00000E+00  0.37590E-01 -0.19109E-04  0.19115E-01 -0.36475E-05 -0.19599E+03 -0.13639E+04 -0.13287E+04  0.00000E+00  0.00000E+00  0.24525E+02  0.00000E+00  0.17787E-05     79  0.00000E+00      0.000
       0.5417  0.00000E+00  0.18660E+00 -0.30180E-04  0.94676E-01 -0.67338E-05  0.00000E+00  0.37596E-01 -0.19110E-04  0.19119E-01 -0.36477E-05 -0.19599E+03 -0.13639E+04 -0.13287E+04  0.00000E+00  0.00000E+00  0.24525E+02  0.00000E+00  0.17787E-05     80  0.00000E+00      0.000
       0.5517  0.00000E+00  0.13750E+00  0.65798E-03  0.69797E-01 -0.67338E-05  0.00000E+00  0.38971E-01 -0.12530E-04  0.19817E-01 -0.37151E-05 -0.19651E+03 -0.13646E+04 -0.13287E+04  0.00000E+00  0.00000E+00  0.24523E+02  0.00000E+00  0.83584E-05     81  0.00000E+00      0.000
       0.5617  0.00000E+00  0.13750E+00 -0.38929E-06  0.69797E-01 -0.67338E-05  0.00000E+00  0.40346E-01 -0.12534E-04  0.20515E-01 -0.37824E-05 -0.19700E+03 -0.13650E+04 -0.13287E+04  0.00000E+00  0.00000E+00  0.24521E+02  0.00000E+00  0.83584E-05     82  0.00000E+00      0.000
       0.5717  0.00000E+00  0.13750E+00 -0.29057E-06  0.69797E-01 -0.67338E-05  0.00000E+00  0.41721E-01 -0.12537E-04  0.21212E-01 -0.38497E-05 -0.19748E+03 -0.13655E+04 -0.13287E+04  0.00000E+00  0.00000E+00  0.24520E+02  0.00000E+00  0.83584E-05     83  0.00000E+00      0.000
       0.5775  0.00000E+00  0.13750E+00 -0.37346E-06  0.69797E-01 -0.67338E-05  0.00000E+00  0.42519E-01 -0.12539E-04  0.21617E-01 -0.38888E-05 -0.19775E+03 -0.13657E+04 -0.13287E+04  0.00000E+00  0.00000E+00  0.24519E+02  0.00000E+00  0.83584E-05     84  0.00000E+00      0.000
       0.5833  0.00000E+00  0.13750E+00 -0.29337E-06  0.69797E-01 -0.67338E-05  0.00000E+00  0.43316E-01 -0.12541E-04  0.22022E-01 -0.39278E-05 -0.19803E+03 -0.13660E+04 -0.13287E+04  0.00000E+00  0.00000E+00  0.24518E+02  0.00000E+00  0.83584E-05     85  0.00000E+00      0.000
       0.5833  0.00000E+00  0.55900E-01  0.10848E-02  0.28451E-01 -0.67338E-05  0.00000E+00  0.43318E-01 -0.12505E-04  0.22023E-01 -0.39281E-05 -0.19803E+03 -0.13660E+04 -0.13287E+04  0.00000E+00  0.00000E+00  0.24518E+02  0.00000E+00  0.83946E-05     86  0.00000E+00      0.000
       0.5833  0.00000E+00  0.55900E-01 -0.11881E-01  0.28451E-01 -0.67338E-05  0.00000E+00  0.43318E-01 -0.12505E-04  0.22023E-01 -0.39281E-05 -0.19803E+03 -0.13660E+04 -0.13287E+04  0.00000E+00  0.00000E+00  0.24518E+02  0.00000E+00  0.83946E-05     87  0.00000E+00      0.000
       0.5933  0.00000E+00  0.55900E-01  0.10133E-05  0.28450E-01 -0.67338E-05  0.00000E+00  0.43877E-01 -0.12495E-04  0.22308E-01 -0.39954E-05 -0.19847E+03 -0.13630E+04 -0.13287E+04  0.00000E+00  0.00000E+00  0.24518E+02  0.00000E+00  0.84047E-05     88  0.00000E+00      0.000
       0.6033  0.00000E+00  0.55900E-01 -0.14715E-05  0.28451E-01 -0.67338E-05  0.00000E+00  0.44436E-01 -0.12510E-04  0.22592E-01 -0.40627E-05 -0.19885E+03 -0.13666E+04 -0.13287E+04  0.00000E+00  0.00000E+00  0.24517E+02  0.00000E+00  0.84047E-05     89  0.00000E+00      0.000
       0.6133  0.00000E+00  0.55900E-01  0.10086E-05  0.28450E-01 -0.67338E-05  0.00000E+00  0.44995E-01 -0.12500E-04  0.22877E-01 -0.41301E-05 -0.19925E+03 -0.13656E+04 -0.13287E+04  0.00000E+00  0.00000E+00  0.24517E+02  0.00000E+00  0.84148E-05     90  0.00000E+00      0.000
       0.6192  0.00000E+00  0.55900E-01  0.98534E-06  0.28451E-01 -0.67338E-05  0.00000E+00  0.45321E-01 -0.12494E-04  0.23043E-01 -0.41694E-05 -0.19948E+03 -0.13661E+04 -0.13287E+04  0.00000E+00  0.00000E+00  0.24516E+02  0.00000E+00  0.84206E-05     91  0.00000E+00      0.000
       0.6250  0.00000E+00  0.55900E-01 -0.13048E-05  0.28450E-01 -0.67338E-05  0.00000E+00  0.45647E-01 -0.12502E-04  0.23209E-01 -0.42086E-05 -0.19970E+03 -0.13660E+04 -0.13287E+04  0.00000E+00  0.00000E+00  0.24516E+02  0.00000E+00  0.84206E-05     92  0.00000E+00      0.000
       0.6350  0.00000E+00  0.43900E-01  0.16064E-03  0.22370E-01 -0.67338E-05  0.00000E+00  0.46086E-01 -0.10895E-04  0.23432E-01 -0.42760E-05 -0.20008E+03 -0.13661E+04 -0.13287E+04  0.00000E+00  0.00000E+00  0.24515E+02  0.00000E+00  0.10027E-04     93  0.00000E+00      0.000
       0.6450  0.00000E+00  0.43900E-01 -0.27660E-06  0.22370E-01 -0.67338E-05  0.00000E+00  0.46525E-01 -0.10898E-04  0.23656E-01 -0.43433E-05 -0.20044E+03 -0.13659E+04 -0.13287E+04  0.00000E+00  0.00000E+00  0.24515E+02  0.00000E+00  0.10027E-04     94  0.00000E+00      0.000
       0.6550  0.00000E+00  0.43900E-01 -0.16484E-06  0.22370E-01 -0.67338E-05  0.00000E+00  0.46964E-01 -0.10900E-04  0.23880E-01 -0.44107E-05 -0.20079E+03 -0.13659E+04 -0.13287E+04  0.00000E+00  0.00000E+00  0.24515E+02  0.00000E+00  0.10027E-04     95  0.00000E+00      0.000
       0.6608  0.00000E+00  0.43900E-01 -0.79907E-06  0.22370E-01 -0.67338E-05  0.00000E+00  0.47220E-01 -0.10904E-04  0.24010E-01 -0.44499E-05 -0.20099E+03 -0.13659E+04 -0.13287E+04  0.00000E+00  0.00000E+00  0.24514E+02  0.00000E+00  0.10027E-04     96  0.00000E+00      0.000
       0.6667  0.00000E+00  0.43900E-01  0.13057E-05  0.22370E-01 -0.67338E-05  0.00000E+00  0.47476E-01 -0.10897E-04  0.24141E-01 -0.44892E-05 -0.20119E+03 -0.13658E+04 -0.13287E+04  0.00000E+00  0.00000E+00  0.24514E+02  0.00000E+00  0.10035E-04     97  0.00000E+00      0.000
       0.6667  0.00000E+00  0.43900E-01 -0.42059E-05  0.22370E-01 -0.67338E-05  0.00000E+00  0.47478E-01 -0.10897E-04  0.24141E-01 -0.44894E-05 -0.20119E+03 -0.13658E+04 -0.13287E+04  0.00000E+00  0.00000E+00  0.24514E+02  0.00000E+00  0.10035E-04     98  0.00000E+00      0.000
       0.6767  0.00000E+00  0.36600E-01  0.98067E-04  0.18671E-01 -0.67338E-05  0.00000E+00  0.47844E-01 -0.99162E-05  0.24328E-01 -0.45568E-05 -0.20152E+03 -0.13658E+04 -0.13287E+04  0.00000E+00  0.00000E+00  0.24514E+02  0.00000E+00  0.11015E-04     99  0.00000E+00      0.000
       0.6867  0.00000E+00  0.36600E-01  0.24587E-06  0.18671E-01 -0.67338E-05  0.00000E+00  0.48210E-01 -0.99138E-05  0.24515E-01 -0.46241E-05 -0.20185E+03 -0.13656E+04 -0.13287E+04  0.00000E+00  0.00000E+00  0.24513E+02  0.00000E+00  0.11018E-04    100  0.00000E+00      0.000
       0.6967  0.00000E+00  0.36600E-01 -0.41910E-06  0.18671E-01 -0.67338E-05  0.00000E+00  0.48576E-01 -0.99180E-05  0.24701E-01 -0.46915E-05 -0.20217E+03 -0.13656E+04 -0.13287E+04  0.00000E+00  0.00000E+00  0.24513E+02  0.00000E+00  0.11018E-04    101  0.00000E+00      0.000
       0.7025  0.00000E+00  0.36600E-01  0.55321E-06  0.18671E-01 -0.67338E-05  0.00000E+00  0.48788E-01 -0.99148E-05  0.24810E-01 -0.47305E-05 -0.20235E+03 -0.13655E+04 -0.13287E+04  0.00000E+00  0.00000E+00  0.24513E+02  0.00000E+00  0.11021E-04    102  0.00000E+00      0.000
       0.7083  0.00000E+00  0.36600E-01  0.27847E-06  0.18671E-01 -0.67338E-05  0.00000E+00  0.49000E-01 -0.99131E-05  0.24918E-01 -0.47696E-05 -0.20253E+03 -0.13654E+04 -0.13287E+04  0.00000E+00  0.00000E+00  0.24512E+02  0.00000E+00  0.11023E-04    103  0.00000E+00      0.000
       0.7083  0.00000E+00  0.29300E-01  0.81971E-04  0.14972E-01 -0.67338E-05  0.00000E+00  0.49001E-01 -0.99104E-05  0.24919E-01 -0.47698E-05 -0.20253E+03 -0.13654E+04 -0.13287E+04  0.00000E+00  0.00000E+00  0.24512E+02  0.00000E+00  0.11025E-04    104  0.00000E+00      0.000
       0.7083  0.00000E+00  0.29300E-01 -0.84125E-02  0.14972E-01 -0.67338E-05  0.00000E+00  0.49001E-01 -0.99109E-05  0.24919E-01 -0.47698E-05 -0.20253E+03 -0.13654E+04 -0.13287E+04  0.00000E+00  0.00000E+00  0.24512E+02  0.00000E+00  0.11025E-04    105  0.00000E+00      0.000
       0.7183  0.00000E+00  0.29300E-01 -0.27381E-06  0.14972E-01 -0.67338E-05  0.00000E+00  0.49294E-01 -0.99136E-05  0.25068E-01 -0.48371E-05 -0.20283E+03 -0.13657E+04 -0.13287E+04  0.00000E+00  0.00000E+00  0.24512E+02  0.00000E+00  0.11025E-04    106  0.00000E+00      0.000
       0.7283  0.00000E+00  0.29300E-01 -0.75437E-07  0.14972E-01 -0.67338E-05  0.00000E+00  0.49587E-01 -0.99144E-05  0.25218E-01 -0.49045E-05 -0.20313E+03 -0.13651E+04 -0.13287E+04  0.00000E+00  0.00000E+00  0.24512E+02  0.00000E+00  0.11025E-04    107  0.00000E+00      0.000
       0.7383  0.00000E+00  0.29300E-01 -0.16764E-07  0.14972E-01 -0.67338E-05  0.00000E+00  0.49880E-01 -0.99146E-05  0.25368E-01 -0.49718E-05 -0.20342E+03 -0.13651E+04 -0.13287E+04  0.00000E+00  0.00000E+00  0.24512E+02  0.00000E+00  0.11025E-04    108  0.00000E+00      0.000
       0.7442  0.00000E+00  0.29300E-01  0.65286E-06  0.14971E-01 -0.67338E-05  0.00000E+00  0.50051E-01 -0.99108E-05  0.25455E-01 -0.50111E-05 -0.20358E+03 -0.13649E+04 -0.13287E+04  0.00000E+00  0.00000E+00  0.24511E+02  0.00000E+00  0.11029E-04    109  0.00000E+00      0.000
       0.7500  0.00000E+00  0.29300E-01  0.14249E-06  0.14971E-01 -0.67338E-05  0.00000E+00  0.50222E-01 -0.99099E-05  0.25542E-01 -0.50504E-05 -0.20375E+03 -0.13648E+04 -0.13287E+04  0.00000E+00  0.00000E+00  0.24511E+02  0.00000E+00  0.11030E-04    110  0.00000E+00      0.000
       0.7600  0.00000E+00  0.21400E-01  0.10557E-03  0.10968E-01 -0.67338E-05  0.00000E+00  0.50436E-01 -0.88542E-05  0.25652E-01 -0.51177E-05 -0.20403E+03 -0.13647E+04 -0.13287E+04  0.00000E+00  0.00000E+00  0.24511E+02  0.00000E+00  0.12086E-04    111  0.00000E+00      0.000
       0.7700  0.00000E+00  0.21400E-01  0.13830E-06  0.10968E-01 -0.67338E-05  0.00000E+00  0.50650E-01 -0.88529E-05  0.25762E-01 -0.51850E-05 -0.20429E+03 -0.13645E+04 -0.13287E+04  0.00000E+00  0.00000E+00  0.24511E+02  0.00000E+00  0.12087E-04    112  0.00000E+00      0.000
       0.7800  0.00000E+00  0.21400E-01  0.39348E-06  0.10968E-01 -0.67338E-05  0.00000E+00  0.50864E-01 -0.88489E-05  0.25871E-01 -0.52524E-05 -0.20456E+03 -0.13643E+04 -0.13287E+04  0.00000E+00  0.00000E+00  0.24511E+02  0.00000E+00  0.12091E-04    113  0.00000E+00      0.000
       0.7858  0.00000E+00  0.21400E-01 -0.41351E-06  0.10968E-01 -0.67338E-05  0.00000E+00  0.50989E-01 -0.88513E-05  0.25935E-01 -0.52917E-05 -0.20471E+03 -0.13643E+04 -0.13287E+04  0.00000E+00  0.00000E+00  0.24510E+02  0.00000E+00  0.12091E-04    114  0.00000E+00      0.000
       0.7917  0.00000E+00  0.21400E-01 -0.15507E-06  0.10968E-01 -0.67338E-05  0.00000E+00  0.51114E-01 -0.88522E-05  0.25999E-01 -0.53309E-05 -0.20486E+03 -0.13642E+04 -0.13287E+04  0.00000E+00  0.00000E+00  0.24510E+02  0.00000E+00  0.12091E-04    115  0.00000E+00      0.000
       0.7917  0.00000E+00  0.21400E-01  0.29193E-04  0.10968E-01 -0.67338E-05  0.00000E+00  0.51115E-01 -0.88513E-05  0.26000E-01 -0.53312E-05 -0.20486E+03 -0.13642E+04 -0.13287E+04  0.00000E+00  0.00000E+00  0.24510E+02  0.00000E+00  0.12092E-04    116  0.00000E+00      0.000
       0.8017  0.00000E+00  0.13600E-01  0.10501E-03  0.70159E-02 -0.67338E-05  0.00000E+00  0.51251E-01 -0.78011E-05  0.26070E-01 -0.53985E-05 -0.20512E+03 -0.13640E+04 -0.13287E+04  0.00000E+00  0.00000E+00  0.24510E+02  0.00000E+00  0.13142E-04    117  0.00000E+00      0.000
       0.8117  0.00000E+00  0.13600E-01  0.36880E-06  0.70158E-02 -0.67338E-05  0.00000E+00  0.51387E-01 -0.77975E-05  0.26140E-01 -0.54658E-05 -0.20537E+03 -0.13638E+04 -0.13287E+04  0.00000E+00  0.00000E+00  0.24510E+02  0.00000E+00  0.13146E-04    118  0.00000E+00      0.000
       0.8217  0.00000E+00  0.13600E-01 -0.25472E-06  0.70157E-02 -0.67338E-05  0.00000E+00  0.51523E-01 -0.78000E-05  0.26210E-01 -0.55332E-05 -0.20561E+03 -0.13636E+04 -0.13287E+04  0.00000E+00  0.00000E+00  0.24510E+02  0.00000E+00  0.13146E-04    119  0.00000E+00      0.000
       0.8275  0.00000E+00  0.13600E-01 -0.36042E-06  0.70157E-02 -0.67338E-05  0.00000E+00  0.51601E-01 -0.78021E-05  0.26251E-01 -0.55722E-05 -0.20575E+03 -0.13635E+04 -0.13287E+04  0.00000E+00  0.00000E+00  0.24510E+02  0.00000E+00  0.13146E-04    120  0.00000E+00      0.000
       0.8333  0.00000E+00  0.13600E-01 -0.12601E-05  0.70156E-02 -0.67338E-05  0.00000E+00  0.51680E-01 -0.78094E-05  0.26292E-01 -0.56113E-05 -0.20589E+03 -0.13634E+04 -0.13287E+04  0.00000E+00  0.00000E+00  0.24510E+02  0.00000E+00  0.13146E-04    121  0.00000E+00      0.000
       0.8333  0.00000E+00  0.11000E-01  0.19413E-03  0.56982E-02 -0.67338E-05  0.00000E+00  0.51681E-01 -0.78029E-05  0.26292E-01 -0.56115E-05 -0.20589E+03 -0.13634E+04 -0.13287E+04  0.00000E+00  0.00000E+00  0.24510E+02  0.00000E+00  0.13152E-04    122  0.00000E+00      0.000
       0.8333  0.00000E+00  0.11000E-01 -0.65121E-02  0.56982E-02 -0.67338E-05  0.00000E+00  0.51681E-01 -0.78034E-05  0.26292E-01 -0.56115E-05 -0.20589E+03 -0.13634E+04 -0.13287E+04  0.00000E+00  0.00000E+00  0.24510E+02  0.00000E+00  0.13152E-04    123  0.00000E+00      0.000
       0.8433  0.00000E+00  0.11000E-01  0.16508E-05  0.56976E-02 -0.67338E-05  0.00000E+00  0.51791E-01 -0.77869E-05  0.26349E-01 -0.56789E-05 -0.20614E+03 -0.13610E+04 -0.13287E+04  0.00000E+00  0.00000E+00  0.24510E+02  0.00000E+00  0.13169E-04    124  0.00000E+00      0.000
       0.8533  0.00000E+00  0.11000E-01 -0.90897E-06  0.56982E-02 -0.67338E-05  0.00000E+00  0.51901E-01 -0.77960E-05  0.26406E-01 -0.57462E-05 -0.20635E+03 -0.13635E+04 -0.13287E+04  0.00000E+00  0.00000E+00  0.24509E+02  0.00000E+00  0.13169E-04    125  0.00000E+00      0.000
       0.8633  0.00000E+00  0.11000E-01  0.95926E-06  0.56979E-02 -0.67338E-05  0.00000E+00  0.52011E-01 -0.77864E-05  0.26463E-01 -0.58135E-05 -0.20658E+03 -0.13624E+04 -0.13287E+04  0.00000E+00  0.00000E+00  0.24509E+02  0.00000E+00  0.13178E-04    126  0.00000E+00      0.000
       0.8692  0.00000E+00  0.11000E-01 -0.26403E-06  0.56979E-02 -0.67338E-05  0.00000E+00  0.52075E-01 -0.77879E-05  0.26496E-01 -0.58528E-05 -0.20671E+03 -0.13627E+04 -0.13287E+04  0.00000E+00  0.00000E+00  0.24509E+02  0.00000E+00  0.13178E-04    127  0.00000E+00      0.000
       0.8750  0.00000E+00  0.11000E-01  0.21001E-06  0.56979E-02 -0.67338E-05  0.00000E+00  0.52139E-01 -0.77867E-05  0.26529E-01 -0.58921E-05 -0.20684E+03 -0.13625E+04 -0.13287E+04  0.00000E+00  0.00000E+00  0.24509E+02  0.00000E+00  0.13180E-04    128  0.00000E+00      0.000
       0.8850  0.00000E+00  0.73000E-02  0.49826E-04  0.38230E-02 -0.67338E-05  0.00000E+00  0.52212E-01 -0.72884E-05  0.26567E-01 -0.59594E-05 -0.20706E+03 -0.13624E+04 -0.13287E+04  0.00000E+00  0.00000E+00  0.24509E+02  0.00000E+00  0.13678E-04    129  0.00000E+00      0.000
       0.8950  0.00000E+00  0.73000E-02  0.71712E-06  0.38229E-02 -0.67338E-05  0.00000E+00  0.52285E-01 -0.72813E-05  0.26606E-01 -0.60268E-05 -0.20727E+03 -0.13621E+04 -0.13287E+04  0.00000E+00  0.00000E+00  0.24509E+02  0.00000E+00  0.13685E-04    130  0.00000E+00      0.000
       0.9050  0.00000E+00  0.73000E-02 -0.28266E-06  0.38229E-02 -0.67338E-05  0.00000E+00  0.52358E-01 -0.72841E-05  0.26644E-01 -0.60941E-05 -0.20748E+03 -0.13619E+04 -0.13287E+04  0.00000E+00  0.00000E+00  0.24509E+02  0.00000E+00  0.13685E-04    131  0.00000E+00      0.000
       0.9108  0.00000E+00  0.73000E-02  0.15460E-05  0.38228E-02 -0.67338E-05  0.00000E+00  0.52401E-01 -0.72751E-05  0.26666E-01 -0.61334E-05 -0.20760E+03 -0.13617E+04 -0.13287E+04  0.00000E+00  0.00000E+00  0.24509E+02  0.00000E+00  0.13694E-04    132  0.00000E+00      0.000
       0.9167  0.00000E+00  0.73000E-02  0.47544E-06  0.38228E-02 -0.67338E-05  0.00000E+00  0.52443E-01 -0.72723E-05  0.26688E-01 -0.61727E-05 -0.20773E+03 -0.13616E+04 -0.13287E+04  0.00000E+00  0.00000E+00  0.24509E+02  0.00000E+00  0.13697E-04    133  0.00000E+00      0.000
       0.9167  0.00000E+00  0.73000E-02  0.85821E-04  0.38228E-02 -0.67338E-05  0.00000E+00  0.52443E-01 -0.72694E-05  0.26689E-01 -0.61729E-05 -0.20773E+03 -0.13616E+04 -0.13287E+04  0.00000E+00  0.00000E+00  0.24509E+02  0.00000E+00  0.13700E-04    134  0.00000E+00      0.000
       0.9267  0.00000E+00  0.47000E-02  0.35043E-04  0.25053E-02 -0.67338E-05  0.00000E+00  0.52490E-01 -0.69190E-05  0.26714E-01 -0.62402E-05 -0.20793E+03 -0.13614E+04 -0.13287E+04  0.00000E+00  0.00000E+00  0.24509E+02  0.00000E+00  0.14050E-04    135  0.00000E+00      0.000
       0.9367  0.00000E+00  0.47000E-02  0.79302E-06  0.25052E-02 -0.67338E-05  0.00000E+00  0.52537E-01 -0.69111E-05  0.26739E-01 -0.63076E-05 -0.20814E+03 -0.13611E+04 -0.13287E+04  0.00000E+00  0.00000E+00  0.24509E+02  0.00000E+00  0.14058E-04    136  0.00000E+00      0.000
       0.9467  0.00000E+00  0.47000E-02  0.77579E-06  0.25051E-02 -0.67338E-05  0.00000E+00  0.52584E-01 -0.69033E-05  0.26764E-01 -0.63749E-05 -0.20833E+03 -0.13609E+04 -0.13287E+04  0.00000E+00  0.00000E+00  0.24509E+02  0.00000E+00  0.14066E-04    137  0.00000E+00      0.000
       0.9525  0.00000E+00  0.47000E-02  0.11646E-05  0.25051E-02 -0.67338E-05  0.00000E+00  0.52612E-01 -0.68966E-05  0.26778E-01 -0.64140E-05 -0.20845E+03 -0.13607E+04 -0.13287E+04  0.00000E+00  0.00000E+00  0.24509E+02  0.00000E+00  0.14072E-04    138  0.00000E+00      0.000
       0.9583  0.00000E+00  0.47000E-02 -0.87917E-06  0.25050E-02 -0.67338E-05  0.00000E+00  0.52639E-01 -0.69017E-05  0.26793E-01 -0.64530E-05 -0.20856E+03 -0.13606E+04 -0.13287E+04  0.00000E+00  0.00000E+00  0.24509E+02  0.00000E+00  0.14072E-04    139  0.00000E+00      0.000
       0.9583  0.00000E+00  0.73000E-02 -0.78425E-04  0.38224E-02 -0.67338E-05  0.00000E+00  0.52639E-01 -0.69043E-05  0.26793E-01 -0.64532E-05 -0.20857E+03 -0.13606E+04 -0.13287E+04  0.00000E+00  0.00000E+00  0.24509E+02  0.00000E+00  0.14072E-04    140  0.00000E+00      0.000
       0.9583  0.00000E+00  0.73000E-02 -0.54434E-02  0.38224E-02 -0.67338E-05  0.00000E+00  0.52639E-01 -0.69047E-05  0.26793E-01 -0.64532E-05 -0.20857E+03 -0.13606E+04 -0.13287E+04  0.00000E+00  0.00000E+00  0.24509E+02  0.00000E+00  0.14072E-04    141  0.00000E+00      0.000
       0.9683  0.00000E+00  0.73000E-02 -0.15413E-06  0.38224E-02 -0.67338E-05  0.00000E+00  0.52712E-01 -0.69063E-05  0.26831E-01 -0.65206E-05 -0.20876E+03 -0.13606E+04 -0.13287E+04  0.00000E+00  0.00000E+00  0.24509E+02  0.00000E+00  0.14072E-04    142  0.00000E+00      0.000
       0.9783  0.00000E+00  0.73000E-02  0.52853E-06  0.38222E-02 -0.67338E-05  0.00000E+00  0.52785E-01 -0.69010E-05  0.26869E-01 -0.65879E-05 -0.20896E+03 -0.13601E+04 -0.13287E+04  0.00000E+00  0.00000E+00  0.24508E+02  0.00000E+00  0.14078E-04    143  0.00000E+00      0.000
       0.9883  0.00000E+00  0.73000E-02 -0.29709E-06  0.38222E-02 -0.67338E-05  0.00000E+00  0.52858E-01 -0.69039E-05  0.26908E-01 -0.66553E-05 -0.20915E+03 -0.13600E+04 -0.13287E+04  0.00000E+00  0.00000E+00  0.24508E+02  0.00000E+00  0.14078E-04    144  0.00000E+00      0.000
       0.9942  0.00000E+00  0.73000E-02 -0.14100E-05  0.38221E-02 -0.67338E-05  0.00000E+00  0.52901E-01 -0.69122E-05  0.26930E-01 -0.66945E-05 -0.20926E+03 -0.13598E+04 -0.13287E+04  0.00000E+00  0.00000E+00  0.24508E+02  0.00000E+00  0.14078E-04    145  0.00000E+00      0.000
       1.0000  0.00000E+00  0.73000E-02  0.72317E-06  0.38221E-02 -0.67338E-05  0.00000E+00  0.52943E-01 -0.69079E-05  0.26952E-01 -0.67338E-05 -0.20937E+03 -0.13597E+04 -0.13287E+04  0.00000E+00  0.00000E+00  0.24508E+02  0.00000E+00  0.14082E-04    146  0.00000E+00      0.000
end
